#
# There is insufficient memory for the Java Runtime Environment to continue.
# Native memory allocation (mmap) failed to map 524288000 bytes for G1 virtual space
# Possible reasons:
#   The system is out of physical RAM or swap space
#   The process is running with CompressedOops enabled, and the Java Heap may be blocking the growth of the native heap
# Possible solutions:
#   Reduce memory load on the system
#   Increase physical memory or swap space
#   Check if swap backing store is full
#   Decrease Java heap size (-Xmx/-Xms)
#   Decrease number of Java threads
#   Decrease Java thread stack sizes (-Xss)
#   Set larger code cache with -XX:ReservedCodeCacheSize=
#   JVM is running with Unscaled Compressed Oops mode in which the Java heap is
#     placed in the first 4GB address space. The Java Heap base address is the
#     maximum limit for the native heap growth. Please use -XX:HeapBaseMinAddress
#     to set the Java Heap base and to place the Java Heap above 4GB virtual address.
# This output file may be truncated or incomplete.
#
#  Out of Memory Error (os_windows.cpp:3769), pid=16768, tid=12000
#
# JRE version: OpenJDK Runtime Environment (17.0.6) (build 17.0.6+0-b2043.56-9586694)
# Java VM: OpenJDK 64-Bit Server VM (17.0.6+0-b2043.56-9586694, mixed mode, tiered, compressed oops, compressed class ptrs, g1 gc, windows-amd64)
# No core dump will be written. Minidumps are not enabled by default on client versions of Windows
#

---------------  S U M M A R Y ------------

Command Line: --add-opens=java.base/java.util=ALL-UNNAMED --add-opens=java.base/java.lang=ALL-UNNAMED --add-opens=java.base/java.lang.invoke=ALL-UNNAMED --add-opens=java.prefs/java.util.prefs=ALL-UNNAMED --add-opens=java.base/java.nio.charset=ALL-UNNAMED --add-opens=java.base/java.net=ALL-UNNAMED --add-opens=java.base/java.util.concurrent.atomic=ALL-UNNAMED -Xmx2048m -Dfile.encoding=UTF-8 -Duser.country=US -Duser.language=en -Duser.variant org.gradle.launcher.daemon.bootstrap.GradleDaemon 8.0

Host: 11th Gen Intel(R) Core(TM) i5-1135G7 @ 2.40GHz, 8 cores, 7G,  Windows 11 , 64 bit Build 22621 (10.0.22621.2506)
Time: Fri Nov 17 14:26:11 2023 SE Asia Standard Time elapsed time: 3296.250993 seconds (0d 0h 54m 56s)

---------------  T H R E A D  ---------------

Current thread (0x000001ea1550be30):  VMThread "VM Thread" [stack: 0x0000001e61b00000,0x0000001e61c00000] [id=12000]

Stack: [0x0000001e61b00000,0x0000001e61c00000]
Native frames: (J=compiled Java code, j=interpreted, Vv=VM code, C=native code)
V  [jvm.dll+0x683b4a]
V  [jvm.dll+0x842654]
V  [jvm.dll+0x843dfe]
V  [jvm.dll+0x844463]
V  [jvm.dll+0x249b75]
V  [jvm.dll+0x680a19]
V  [jvm.dll+0x674f0a]
V  [jvm.dll+0x309acb]
V  [jvm.dll+0x310f86]
V  [jvm.dll+0x3608ee]
V  [jvm.dll+0x360b1f]
V  [jvm.dll+0x2dfbf8]
V  [jvm.dll+0x2ddec4]
V  [jvm.dll+0x2dd4cc]
V  [jvm.dll+0x322261]
V  [jvm.dll+0x84893b]
V  [jvm.dll+0x849674]
V  [jvm.dll+0x849b8d]
V  [jvm.dll+0x849f64]
V  [jvm.dll+0x84a030]
V  [jvm.dll+0x7f25fa]
V  [jvm.dll+0x682985]
C  [ucrtbase.dll+0x29363]
C  [KERNEL32.DLL+0x1257d]
C  [ntdll.dll+0x5aa58]

VM_Operation (0x0000001e6a7faa30): G1TryInitiateConcMark, mode: safepoint, requested by thread 0x000001ea16f262f0


---------------  P R O C E S S  ---------------

Threads class SMR info:
_java_thread_list=0x000001ea191b5280, length=142, elements={
0x000001ea7b62adc0, 0x000001ea16013260, 0x000001ea16014020, 0x000001ea16047810,
0x000001ea160483c0, 0x000001ea16048e70, 0x000001ea1603f740, 0x000001ea1604e990,
0x000001ea16050be0, 0x000001ea160515d0, 0x000001ea161bf100, 0x000001ea161c6600,
0x000001ea17131020, 0x000001ea19852010, 0x000001ea1786f040, 0x000001ea19292530,
0x000001ea19292ed0, 0x000001ea19294210, 0x000001ea19292a00, 0x000001ea192933a0,
0x000001ea19293d40, 0x000001ea19f89d10, 0x000001ea19f8cd30, 0x000001ea19f906f0,
0x000001ea19f8b9f0, 0x000001ea19f8e070, 0x000001ea19f8ab80, 0x000001ea1bfb82d0,
0x000001ea1bfbc630, 0x000001ea1bfbd4a0, 0x000001ea1bfb6f90, 0x000001ea1eac8c70,
0x000001ea1e9eaee0, 0x000001ea17a86c30, 0x000001ea18c43ee0, 0x000001ea1c79d150,
0x000001ea20258ee0, 0x000001ea201481a0, 0x000001ea1a4e3b30, 0x000001ea203c3e90,
0x000001ea1e840410, 0x000001ea1e842a90, 0x000001ea1e842f60, 0x000001ea1e83f5a0,
0x000001ea203c4360, 0x000001ea203c2b50, 0x000001ea203c34f0, 0x000001ea203c39c0,
0x000001ea1b870420, 0x000001ea18c43540, 0x000001ea18c43a10, 0x000001ea18c46560,
0x000001ea18c443b0, 0x000001ea18c45bc0, 0x000001ea18c44880, 0x000001ea18c46090,
0x000001ea18c44d50, 0x000001ea18c46a30, 0x000001ea18c456f0, 0x000001ea1e9ea070,
0x000001ea1e9ea540, 0x000001ea16f536e0, 0x000001ea16f52870, 0x000001ea16f54080,
0x000001ea16f54550, 0x000001ea16f53210, 0x000001ea16f54a20, 0x000001ea16f51060,
0x000001ea16f523a0, 0x000001ea16f51530, 0x000001ea16f51ed0, 0x000001ea16f53bb0,
0x000001ea16f51a00, 0x000001ea16f52d40, 0x000001ea1a75fe90, 0x000001ea1a7611d0,
0x000001ea1a760d00, 0x000001ea1a761b70, 0x000001ea1a762040, 0x000001ea1a763380,
0x000001ea20420460, 0x000001ea2014d840, 0x000001ea20148b40, 0x000001ea20148670,
0x000001ea2025a220, 0x000001ea20258a10, 0x000001ea20259880, 0x000001ea1bbfc840,
0x000001ea1bbfd1e0, 0x000001ea1bbfd6b0, 0x000001ea1bbfdb80, 0x000001ea1bbfcd10,
0x000001ea1bbfe050, 0x000001ea1bbfc370, 0x000001ea1bbfe9f0, 0x000001ea1bbfe520,
0x000001ea1bbfeec0, 0x000001ea1bbff390, 0x000001ea1e83fa70, 0x000001ea1e83ff40,
0x000001ea1e840db0, 0x000001ea1e8408e0, 0x000001ea1e841280, 0x000001ea1e841750,
0x000001ea1e841c20, 0x000001ea1ec64510, 0x000001ea1ec63b70, 0x000001ea20149010,
0x000001ea2014acf0, 0x000001ea201494e0, 0x000001ea1c79dfc0, 0x000001ea1c79daf0,
0x000001ea1c79d620, 0x000001ea1c79e490, 0x000001ea1868f0c0, 0x000001ea1868ebf0,
0x000001ea1868fa60, 0x000001ea1868ca40, 0x000001ea1868c0a0, 0x000001ea1868e250,
0x000001ea1868d8b0, 0x000001ea1868c570, 0x000001ea1a762510, 0x000001ea1a760360,
0x000001ea1a75f9c0, 0x000001ea1a762eb0, 0x000001ea1a760830, 0x000001ea1a7616a0,
0x000001ea1a7629e0, 0x000001ea18ea06e0, 0x000001ea1a4e4000, 0x000001ea2041ff90,
0x000001ea20420930, 0x000001ea2014e6b0, 0x000001ea16f24610, 0x000001ea16f262f0,
0x000001ea16f23c70, 0x000001ea16f24ae0, 0x000001ea16f24fb0, 0x000001ea16f25950,
0x000001ea16f24140, 0x000001ea1bbfb9d0
}

Java Threads: ( => current thread )
  0x000001ea7b62adc0 JavaThread "main" [_thread_blocked, id=19180, stack(0x0000001e61500000,0x0000001e61600000)]
  0x000001ea16013260 JavaThread "Reference Handler" daemon [_thread_blocked, id=19252, stack(0x0000001e61c00000,0x0000001e61d00000)]
  0x000001ea16014020 JavaThread "Finalizer" daemon [_thread_blocked, id=27952, stack(0x0000001e61d00000,0x0000001e61e00000)]
  0x000001ea16047810 JavaThread "Signal Dispatcher" daemon [_thread_blocked, id=29700, stack(0x0000001e61e00000,0x0000001e61f00000)]
  0x000001ea160483c0 JavaThread "Attach Listener" daemon [_thread_blocked, id=23048, stack(0x0000001e61f00000,0x0000001e62000000)]
  0x000001ea16048e70 JavaThread "Service Thread" daemon [_thread_blocked, id=30748, stack(0x0000001e62000000,0x0000001e62100000)]
  0x000001ea1603f740 JavaThread "Monitor Deflation Thread" daemon [_thread_blocked, id=29248, stack(0x0000001e62100000,0x0000001e62200000)]
  0x000001ea1604e990 JavaThread "C2 CompilerThread0" daemon [_thread_blocked, id=11524, stack(0x0000001e62200000,0x0000001e62300000)]
  0x000001ea16050be0 JavaThread "C1 CompilerThread0" daemon [_thread_blocked, id=27416, stack(0x0000001e62300000,0x0000001e62400000)]
  0x000001ea160515d0 JavaThread "Sweeper thread" daemon [_thread_blocked, id=10028, stack(0x0000001e62400000,0x0000001e62500000)]
  0x000001ea161bf100 JavaThread "Common-Cleaner" daemon [_thread_blocked, id=2852, stack(0x0000001e62500000,0x0000001e62600000)]
  0x000001ea161c6600 JavaThread "Notification Thread" daemon [_thread_blocked, id=1816, stack(0x0000001e62600000,0x0000001e62700000)]
  0x000001ea17131020 JavaThread "Daemon health stats" [_thread_blocked, id=780, stack(0x0000001e62d00000,0x0000001e62e00000)]
  0x000001ea19852010 JavaThread "Incoming local TCP Connector on port 60745" [_thread_in_native, id=22012, stack(0x0000001e62e00000,0x0000001e62f00000)]
  0x000001ea1786f040 JavaThread "Daemon periodic checks" [_thread_blocked, id=12604, stack(0x0000001e62f00000,0x0000001e63000000)]
  0x000001ea19292530 JavaThread "Cache worker for journal cache (C:\Users\ASUS\.gradle\caches\journal-1)" [_thread_blocked, id=8128, stack(0x0000001e63b00000,0x0000001e63c00000)]
  0x000001ea19292ed0 JavaThread "File lock request listener" [_thread_in_native, id=17100, stack(0x0000001e63c00000,0x0000001e63d00000)]
  0x000001ea19294210 JavaThread "Cache worker for file hash cache (C:\Users\ASUS\.gradle\caches\8.0\fileHashes)" [_thread_blocked, id=27140, stack(0x0000001e63d00000,0x0000001e63e00000)]
  0x000001ea19292a00 JavaThread "File watcher server" daemon [_thread_blocked, id=28012, stack(0x0000001e63e00000,0x0000001e63f00000)]
  0x000001ea192933a0 JavaThread "File watcher consumer" daemon [_thread_blocked, id=9460, stack(0x0000001e63f00000,0x0000001e64000000)]
  0x000001ea19293d40 JavaThread "Cache worker for file content cache (C:\Users\ASUS\.gradle\caches\8.0\fileContent)" [_thread_blocked, id=28952, stack(0x0000001e64200000,0x0000001e64300000)]
  0x000001ea19f89d10 JavaThread "Cache worker for execution history cache (C:\Users\ASUS\.gradle\caches\8.0\executionHistory)" [_thread_blocked, id=14444, stack(0x0000001e64500000,0x0000001e64600000)]
  0x000001ea19f8cd30 JavaThread "jar transforms" [_thread_blocked, id=13012, stack(0x0000001e64600000,0x0000001e64700000)]
  0x000001ea19f906f0 JavaThread "jar transforms Thread 2" [_thread_blocked, id=15672, stack(0x0000001e64700000,0x0000001e64800000)]
  0x000001ea19f8b9f0 JavaThread "jar transforms Thread 3" [_thread_blocked, id=19428, stack(0x0000001e64900000,0x0000001e64a00000)]
  0x000001ea19f8e070 JavaThread "jar transforms Thread 4" [_thread_blocked, id=9676, stack(0x0000001e64a00000,0x0000001e64b00000)]
  0x000001ea19f8ab80 JavaThread "jar transforms Thread 5" [_thread_blocked, id=10640, stack(0x0000001e64c00000,0x0000001e64d00000)]
  0x000001ea1bfb82d0 JavaThread "jar transforms Thread 6" [_thread_blocked, id=22072, stack(0x0000001e69e00000,0x0000001e69f00000)]
  0x000001ea1bfbc630 JavaThread "jar transforms Thread 7" [_thread_blocked, id=22892, stack(0x0000001e69f00000,0x0000001e6a000000)]
  0x000001ea1bfbd4a0 JavaThread "jar transforms Thread 8" [_thread_blocked, id=19724, stack(0x0000001e6a000000,0x0000001e6a100000)]
  0x000001ea1bfb6f90 JavaThread "Memory manager" [_thread_blocked, id=28564, stack(0x0000001e6a200000,0x0000001e6a300000)]
  0x000001ea1eac8c70 JavaThread "pool-3-thread-1" [_thread_blocked, id=4372, stack(0x0000001e6a300000,0x0000001e6a400000)]
  0x000001ea1e9eaee0 JavaThread "Cache worker for Java compile cache (C:\Users\ASUS\.gradle\caches\8.0\javaCompile)" [_thread_blocked, id=4300, stack(0x0000001e6af00000,0x0000001e6b000000)]
  0x000001ea17a86c30 JavaThread "pool-7-thread-1" [_thread_blocked, id=17296, stack(0x0000001e69b00000,0x0000001e69c00000)]
  0x000001ea18c43ee0 JavaThread "ForkJoinPool.commonPool-worker-10" daemon [_thread_blocked, id=10788, stack(0x0000001e6c700000,0x0000001e6c800000)]
  0x000001ea1c79d150 JavaThread "pool-12-thread-1" [_thread_blocked, id=27472, stack(0x0000001e69c00000,0x0000001e69d00000)]
  0x000001ea20258ee0 JavaThread "Daemon Thread 3" [_thread_blocked, id=14276, stack(0x0000001e61200000,0x0000001e61300000)]
  0x000001ea201481a0 JavaThread "Handler for socket connection from /127.0.0.1:60745 to /127.0.0.1:49362" [_thread_in_native, id=7768, stack(0x0000001e61300000,0x0000001e61400000)]
  0x000001ea1a4e3b30 JavaThread "Cancel handler" [_thread_blocked, id=7604, stack(0x0000001e61400000,0x0000001e61500000)]
  0x000001ea203c3e90 JavaThread "Daemon worker Thread 3" [_thread_blocked, id=30056, stack(0x0000001e62800000,0x0000001e62900000)]
  0x000001ea1e840410 JavaThread "Asynchronous log dispatcher for DefaultDaemonConnection: socket connection from /127.0.0.1:60745 to /127.0.0.1:49362" [_thread_blocked, id=27732, stack(0x0000001e63000000,0x0000001e63100000)]
  0x000001ea1e842a90 JavaThread "Stdin handler" [_thread_blocked, id=340, stack(0x0000001e63100000,0x0000001e63200000)]
  0x000001ea1e842f60 JavaThread "Daemon client event forwarder" [_thread_blocked, id=25464, stack(0x0000001e63200000,0x0000001e63300000)]
  0x000001ea1e83f5a0 JavaThread "Cache worker for checksums cache (F:\Hoc_Android\Android_DuAnTotNghiep\MD_04_Fmarket_Fontend\.gradle\8.0\checksums)" [_thread_blocked, id=28480, stack(0x0000001e63300000,0x0000001e63400000)]
  0x000001ea203c4360 JavaThread "Cache worker for cache directory md-rule (C:\Users\ASUS\.gradle\caches\8.0\md-rule)" [_thread_blocked, id=14664, stack(0x0000001e63400000,0x0000001e63500000)]
  0x000001ea203c2b50 JavaThread "Cache worker for file hash cache (F:\Hoc_Android\Android_DuAnTotNghiep\MD_04_Fmarket_Fontend\.gradle\8.0\fileHashes)" [_thread_blocked, id=19700, stack(0x0000001e63500000,0x0000001e63600000)]
  0x000001ea203c34f0 JavaThread "Cache worker for cache directory md-supplier (C:\Users\ASUS\.gradle\caches\8.0\md-supplier)" [_thread_blocked, id=25020, stack(0x0000001e63600000,0x0000001e63700000)]
  0x000001ea203c39c0 JavaThread "Cache worker for dependencies-accessors (F:\Hoc_Android\Android_DuAnTotNghiep\MD_04_Fmarket_Fontend\.gradle\8.0\dependencies-accessors)" [_thread_blocked, id=24008, stack(0x0000001e64000000,0x0000001e64100000)]
  0x000001ea1b870420 JavaThread "C2 CompilerThread1" daemon [_thread_blocked, id=22040, stack(0x0000001e64100000,0x0000001e64200000)]
  0x000001ea18c43540 JavaThread "Cache worker for Build Output Cleanup Cache (F:\Hoc_Android\Android_DuAnTotNghiep\MD_04_Fmarket_Fontend\.gradle\buildOutputCleanup)" [_thread_blocked, id=28976, stack(0x0000001e64300000,0x0000001e64400000)]
  0x000001ea18c43a10 JavaThread "Unconstrained build operations" [_thread_blocked, id=15164, stack(0x0000001e64400000,0x0000001e64500000)]
  0x000001ea18c46560 JavaThread "Unconstrained build operations Thread 2" [_thread_blocked, id=5504, stack(0x0000001e64b00000,0x0000001e64c00000)]
  0x000001ea18c443b0 JavaThread "Unconstrained build operations Thread 3" [_thread_blocked, id=9708, stack(0x0000001e64d00000,0x0000001e64e00000)]
  0x000001ea18c45bc0 JavaThread "Unconstrained build operations Thread 4" [_thread_blocked, id=17600, stack(0x0000001e64e00000,0x0000001e64f00000)]
  0x000001ea18c44880 JavaThread "Unconstrained build operations Thread 5" [_thread_blocked, id=13452, stack(0x0000001e64f00000,0x0000001e65000000)]
  0x000001ea18c46090 JavaThread "Unconstrained build operations Thread 6" [_thread_blocked, id=26608, stack(0x0000001e65000000,0x0000001e65100000)]
  0x000001ea18c44d50 JavaThread "Unconstrained build operations Thread 7" [_thread_blocked, id=30640, stack(0x0000001e65100000,0x0000001e65200000)]
  0x000001ea18c46a30 JavaThread "Unconstrained build operations Thread 8" [_thread_blocked, id=572, stack(0x0000001e65200000,0x0000001e65300000)]
  0x000001ea18c456f0 JavaThread "Unconstrained build operations Thread 9" [_thread_blocked, id=31560, stack(0x0000001e65300000,0x0000001e65400000)]
  0x000001ea1e9ea070 JavaThread "Unconstrained build operations Thread 10" [_thread_blocked, id=6580, stack(0x0000001e65400000,0x0000001e65500000)]
  0x000001ea1e9ea540 JavaThread "Unconstrained build operations Thread 11" [_thread_blocked, id=9240, stack(0x0000001e65500000,0x0000001e65600000)]
  0x000001ea16f536e0 JavaThread "Unconstrained build operations Thread 12" [_thread_blocked, id=9776, stack(0x0000001e65600000,0x0000001e65700000)]
  0x000001ea16f52870 JavaThread "Unconstrained build operations Thread 13" [_thread_blocked, id=27008, stack(0x0000001e65700000,0x0000001e65800000)]
  0x000001ea16f54080 JavaThread "Unconstrained build operations Thread 14" [_thread_blocked, id=31212, stack(0x0000001e65800000,0x0000001e65900000)]
  0x000001ea16f54550 JavaThread "Unconstrained build operations Thread 15" [_thread_blocked, id=4840, stack(0x0000001e65900000,0x0000001e65a00000)]
  0x000001ea16f53210 JavaThread "Unconstrained build operations Thread 16" [_thread_blocked, id=14200, stack(0x0000001e65a00000,0x0000001e65b00000)]
  0x000001ea16f54a20 JavaThread "Unconstrained build operations Thread 17" [_thread_blocked, id=3792, stack(0x0000001e65b00000,0x0000001e65c00000)]
  0x000001ea16f51060 JavaThread "Unconstrained build operations Thread 18" [_thread_blocked, id=28328, stack(0x0000001e65c00000,0x0000001e65d00000)]
  0x000001ea16f523a0 JavaThread "Unconstrained build operations Thread 19" [_thread_blocked, id=22696, stack(0x0000001e65d00000,0x0000001e65e00000)]
  0x000001ea16f51530 JavaThread "Unconstrained build operations Thread 20" [_thread_blocked, id=23088, stack(0x0000001e65e00000,0x0000001e65f00000)]
  0x000001ea16f51ed0 JavaThread "Unconstrained build operations Thread 21" [_thread_blocked, id=26212, stack(0x0000001e65f00000,0x0000001e66000000)]
  0x000001ea16f53bb0 JavaThread "Unconstrained build operations Thread 22" [_thread_blocked, id=29172, stack(0x0000001e66000000,0x0000001e66100000)]
  0x000001ea16f51a00 JavaThread "Unconstrained build operations Thread 23" [_thread_blocked, id=31076, stack(0x0000001e66100000,0x0000001e66200000)]
  0x000001ea16f52d40 JavaThread "Unconstrained build operations Thread 24" [_thread_blocked, id=11304, stack(0x0000001e66200000,0x0000001e66300000)]
  0x000001ea1a75fe90 JavaThread "Unconstrained build operations Thread 25" [_thread_blocked, id=20920, stack(0x0000001e66300000,0x0000001e66400000)]
  0x000001ea1a7611d0 JavaThread "Unconstrained build operations Thread 26" [_thread_blocked, id=24476, stack(0x0000001e66400000,0x0000001e66500000)]
  0x000001ea1a760d00 JavaThread "Unconstrained build operations Thread 27" [_thread_blocked, id=26332, stack(0x0000001e66500000,0x0000001e66600000)]
  0x000001ea1a761b70 JavaThread "Unconstrained build operations Thread 28" [_thread_blocked, id=31036, stack(0x0000001e66600000,0x0000001e66700000)]
  0x000001ea1a762040 JavaThread "Unconstrained build operations Thread 29" [_thread_blocked, id=14108, stack(0x0000001e66700000,0x0000001e66800000)]
  0x000001ea1a763380 JavaThread "Unconstrained build operations Thread 30" [_thread_blocked, id=3884, stack(0x0000001e66800000,0x0000001e66900000)]
  0x000001ea20420460 JavaThread "Unconstrained build operations Thread 31" [_thread_blocked, id=5140, stack(0x0000001e66900000,0x0000001e66a00000)]
  0x000001ea2014d840 JavaThread "Unconstrained build operations Thread 32" [_thread_blocked, id=18972, stack(0x0000001e66a00000,0x0000001e66b00000)]
  0x000001ea20148b40 JavaThread "Unconstrained build operations Thread 33" [_thread_blocked, id=9360, stack(0x0000001e66b00000,0x0000001e66c00000)]
  0x000001ea20148670 JavaThread "Unconstrained build operations Thread 34" [_thread_blocked, id=13032, stack(0x0000001e66c00000,0x0000001e66d00000)]
  0x000001ea2025a220 JavaThread "Unconstrained build operations Thread 35" [_thread_blocked, id=8428, stack(0x0000001e66d00000,0x0000001e66e00000)]
  0x000001ea20258a10 JavaThread "Unconstrained build operations Thread 36" [_thread_blocked, id=9028, stack(0x0000001e66e00000,0x0000001e66f00000)]
  0x000001ea20259880 JavaThread "Unconstrained build operations Thread 37" [_thread_blocked, id=13784, stack(0x0000001e66f00000,0x0000001e67000000)]
  0x000001ea1bbfc840 JavaThread "Unconstrained build operations Thread 38" [_thread_blocked, id=17596, stack(0x0000001e67000000,0x0000001e67100000)]
  0x000001ea1bbfd1e0 JavaThread "Unconstrained build operations Thread 39" [_thread_blocked, id=25240, stack(0x0000001e67100000,0x0000001e67200000)]
  0x000001ea1bbfd6b0 JavaThread "Unconstrained build operations Thread 40" [_thread_blocked, id=14708, stack(0x0000001e67200000,0x0000001e67300000)]
  0x000001ea1bbfdb80 JavaThread "Unconstrained build operations Thread 41" [_thread_blocked, id=29396, stack(0x0000001e67300000,0x0000001e67400000)]
  0x000001ea1bbfcd10 JavaThread "Unconstrained build operations Thread 42" [_thread_blocked, id=15380, stack(0x0000001e67400000,0x0000001e67500000)]
  0x000001ea1bbfe050 JavaThread "Unconstrained build operations Thread 43" [_thread_blocked, id=11812, stack(0x0000001e67500000,0x0000001e67600000)]
  0x000001ea1bbfc370 JavaThread "Unconstrained build operations Thread 44" [_thread_blocked, id=12344, stack(0x0000001e67600000,0x0000001e67700000)]
  0x000001ea1bbfe9f0 JavaThread "Unconstrained build operations Thread 45" [_thread_blocked, id=29568, stack(0x0000001e67700000,0x0000001e67800000)]
  0x000001ea1bbfe520 JavaThread "Unconstrained build operations Thread 46" [_thread_blocked, id=13276, stack(0x0000001e67800000,0x0000001e67900000)]
  0x000001ea1bbfeec0 JavaThread "Unconstrained build operations Thread 47" [_thread_blocked, id=13352, stack(0x0000001e67900000,0x0000001e67a00000)]
  0x000001ea1bbff390 JavaThread "Unconstrained build operations Thread 48" [_thread_blocked, id=23712, stack(0x0000001e67a00000,0x0000001e67b00000)]
  0x000001ea1e83fa70 JavaThread "Unconstrained build operations Thread 49" [_thread_blocked, id=1120, stack(0x0000001e67b00000,0x0000001e67c00000)]
  0x000001ea1e83ff40 JavaThread "Unconstrained build operations Thread 50" [_thread_blocked, id=16592, stack(0x0000001e67c00000,0x0000001e67d00000)]
  0x000001ea1e840db0 JavaThread "Unconstrained build operations Thread 51" [_thread_blocked, id=15800, stack(0x0000001e67d00000,0x0000001e67e00000)]
  0x000001ea1e8408e0 JavaThread "Unconstrained build operations Thread 52" [_thread_blocked, id=25840, stack(0x0000001e67e00000,0x0000001e67f00000)]
  0x000001ea1e841280 JavaThread "Unconstrained build operations Thread 53" [_thread_blocked, id=13040, stack(0x0000001e67f00000,0x0000001e68000000)]
  0x000001ea1e841750 JavaThread "Unconstrained build operations Thread 54" [_thread_blocked, id=5072, stack(0x0000001e68000000,0x0000001e68100000)]
  0x000001ea1e841c20 JavaThread "Unconstrained build operations Thread 55" [_thread_blocked, id=11128, stack(0x0000001e68100000,0x0000001e68200000)]
  0x000001ea1ec64510 JavaThread "Unconstrained build operations Thread 56" [_thread_blocked, id=10860, stack(0x0000001e68200000,0x0000001e68300000)]
  0x000001ea1ec63b70 JavaThread "Unconstrained build operations Thread 57" [_thread_blocked, id=5200, stack(0x0000001e68300000,0x0000001e68400000)]
  0x000001ea20149010 JavaThread "Unconstrained build operations Thread 58" [_thread_blocked, id=11328, stack(0x0000001e68400000,0x0000001e68500000)]
  0x000001ea2014acf0 JavaThread "Unconstrained build operations Thread 59" [_thread_blocked, id=31116, stack(0x0000001e68500000,0x0000001e68600000)]
  0x000001ea201494e0 JavaThread "Unconstrained build operations Thread 60" [_thread_blocked, id=17584, stack(0x0000001e68600000,0x0000001e68700000)]
  0x000001ea1c79dfc0 JavaThread "Unconstrained build operations Thread 61" [_thread_blocked, id=23616, stack(0x0000001e68700000,0x0000001e68800000)]
  0x000001ea1c79daf0 JavaThread "Unconstrained build operations Thread 62" [_thread_blocked, id=324, stack(0x0000001e68800000,0x0000001e68900000)]
  0x000001ea1c79d620 JavaThread "Unconstrained build operations Thread 63" [_thread_blocked, id=2608, stack(0x0000001e68900000,0x0000001e68a00000)]
  0x000001ea1c79e490 JavaThread "Unconstrained build operations Thread 64" [_thread_blocked, id=21732, stack(0x0000001e68a00000,0x0000001e68b00000)]
  0x000001ea1868f0c0 JavaThread "Unconstrained build operations Thread 65" [_thread_blocked, id=28232, stack(0x0000001e68b00000,0x0000001e68c00000)]
  0x000001ea1868ebf0 JavaThread "Unconstrained build operations Thread 66" [_thread_blocked, id=28836, stack(0x0000001e68c00000,0x0000001e68d00000)]
  0x000001ea1868fa60 JavaThread "Unconstrained build operations Thread 67" [_thread_blocked, id=19692, stack(0x0000001e68d00000,0x0000001e68e00000)]
  0x000001ea1868ca40 JavaThread "Unconstrained build operations Thread 68" [_thread_blocked, id=27880, stack(0x0000001e68e00000,0x0000001e68f00000)]
  0x000001ea1868c0a0 JavaThread "Unconstrained build operations Thread 69" [_thread_blocked, id=5296, stack(0x0000001e68f00000,0x0000001e69000000)]
  0x000001ea1868e250 JavaThread "Unconstrained build operations Thread 70" [_thread_blocked, id=30116, stack(0x0000001e69000000,0x0000001e69100000)]
  0x000001ea1868d8b0 JavaThread "Unconstrained build operations Thread 71" [_thread_blocked, id=30552, stack(0x0000001e69100000,0x0000001e69200000)]
  0x000001ea1868c570 JavaThread "Unconstrained build operations Thread 72" [_thread_blocked, id=31628, stack(0x0000001e69200000,0x0000001e69300000)]
  0x000001ea1a762510 JavaThread "Unconstrained build operations Thread 73" [_thread_blocked, id=31344, stack(0x0000001e69300000,0x0000001e69400000)]
  0x000001ea1a760360 JavaThread "Unconstrained build operations Thread 74" [_thread_blocked, id=27668, stack(0x0000001e69400000,0x0000001e69500000)]
  0x000001ea1a75f9c0 JavaThread "Unconstrained build operations Thread 75" [_thread_blocked, id=12260, stack(0x0000001e69500000,0x0000001e69600000)]
  0x000001ea1a762eb0 JavaThread "Unconstrained build operations Thread 76" [_thread_blocked, id=20092, stack(0x0000001e69600000,0x0000001e69700000)]
  0x000001ea1a760830 JavaThread "Unconstrained build operations Thread 77" [_thread_blocked, id=17444, stack(0x0000001e69700000,0x0000001e69800000)]
  0x000001ea1a7616a0 JavaThread "Unconstrained build operations Thread 78" [_thread_blocked, id=26440, stack(0x0000001e69800000,0x0000001e69900000)]
  0x000001ea1a7629e0 JavaThread "Unconstrained build operations Thread 79" [_thread_blocked, id=25280, stack(0x0000001e69900000,0x0000001e69a00000)]
  0x000001ea18ea06e0 JavaThread "Unconstrained build operations Thread 80" [_thread_blocked, id=12404, stack(0x0000001e69a00000,0x0000001e69b00000)]
  0x000001ea1a4e4000 JavaThread "build event listener" [_thread_blocked, id=23200, stack(0x0000001e69d00000,0x0000001e69e00000)]
  0x000001ea2041ff90 JavaThread "pool-16-thread-1" [_thread_blocked, id=25440, stack(0x0000001e6a100000,0x0000001e6a200000)]
  0x000001ea20420930 JavaThread "build event listener" [_thread_blocked, id=26328, stack(0x0000001e6a400000,0x0000001e6a500000)]
  0x000001ea2014e6b0 JavaThread "included builds" [_thread_blocked, id=2580, stack(0x0000001e6a500000,0x0000001e6a600000)]
  0x000001ea16f24610 JavaThread "Execution worker" [_thread_blocked, id=27020, stack(0x0000001e6a600000,0x0000001e6a700000)]
  0x000001ea16f262f0 JavaThread "Execution worker Thread 2" [_thread_blocked, id=24028, stack(0x0000001e6a700000,0x0000001e6a800000)]
  0x000001ea16f23c70 JavaThread "Execution worker Thread 3" [_thread_blocked, id=17852, stack(0x0000001e6a800000,0x0000001e6a900000)]
  0x000001ea16f24ae0 JavaThread "Execution worker Thread 4" [_thread_blocked, id=12228, stack(0x0000001e6a900000,0x0000001e6aa00000)]
  0x000001ea16f24fb0 JavaThread "Execution worker Thread 5" [_thread_blocked, id=13372, stack(0x0000001e6aa00000,0x0000001e6ab00000)]
  0x000001ea16f25950 JavaThread "Execution worker Thread 6" [_thread_blocked, id=22244, stack(0x0000001e6b100000,0x0000001e6b200000)]
  0x000001ea16f24140 JavaThread "Execution worker Thread 7" [_thread_blocked, id=4568, stack(0x0000001e6b200000,0x0000001e6b300000)]
  0x000001ea1bbfb9d0 JavaThread "Cache worker for execution history cache (F:\Hoc_Android\Android_DuAnTotNghiep\MD_04_Fmarket_Fontend\.gradle\8.0\executionHistory)" [_thread_blocked, id=18796, stack(0x0000001e6b300000,0x0000001e6b400000)]

Other Threads:
=>0x000001ea1550be30 VMThread "VM Thread" [stack: 0x0000001e61b00000,0x0000001e61c00000] [id=12000]
  0x000001ea161c6ad0 WatcherThread [stack: 0x0000001e62700000,0x0000001e62800000] [id=26140]
  0x000001ea7b686440 GCTaskThread "GC Thread#0" [stack: 0x0000001e61600000,0x0000001e61700000] [id=15448]
  0x000001ea16a7cea0 GCTaskThread "GC Thread#1" [stack: 0x0000001e62900000,0x0000001e62a00000] [id=24964]
  0x000001ea16dc3650 GCTaskThread "GC Thread#2" [stack: 0x0000001e62a00000,0x0000001e62b00000] [id=7632]
  0x000001ea1680ebb0 GCTaskThread "GC Thread#3" [stack: 0x0000001e62b00000,0x0000001e62c00000] [id=23188]
  0x000001ea175e79c0 GCTaskThread "GC Thread#4" [stack: 0x0000001e62c00000,0x0000001e62d00000] [id=3132]
  0x000001ea17944be0 GCTaskThread "GC Thread#5" [stack: 0x0000001e63700000,0x0000001e63800000] [id=13792]
  0x000001ea19298d80 GCTaskThread "GC Thread#6" [stack: 0x0000001e63800000,0x0000001e63900000] [id=20196]
  0x000001ea1859a630 GCTaskThread "GC Thread#7" [stack: 0x0000001e63900000,0x0000001e63a00000] [id=25884]
  0x000001ea7b697380 ConcurrentGCThread "G1 Main Marker" [stack: 0x0000001e61700000,0x0000001e61800000] [id=312]
  0x000001ea7b697d90 ConcurrentGCThread "G1 Conc#0" [stack: 0x0000001e61800000,0x0000001e61900000] [id=4092]
  0x000001ea17b84c90 ConcurrentGCThread "G1 Conc#1" [stack: 0x0000001e63a00000,0x0000001e63b00000] [id=20264]
  0x000001ea7b6ee190 ConcurrentGCThread "G1 Refine#0" [stack: 0x0000001e61900000,0x0000001e61a00000] [id=22436]
  0x000001ea19e301e0 ConcurrentGCThread "G1 Refine#1" [stack: 0x0000001e64800000,0x0000001e64900000] [id=18684]
  0x000001ea1878b170 ConcurrentGCThread "G1 Refine#2" [stack: 0x0000001e6ae00000,0x0000001e6af00000] [id=3664]
  0x000001ea1878a8d0 ConcurrentGCThread "G1 Refine#3" [stack: 0x0000001e6ab00000,0x0000001e6ac00000] [id=13420]
  0x000001ea1878a5f0 ConcurrentGCThread "G1 Refine#4" [stack: 0x0000001e6ac00000,0x0000001e6ad00000] [id=30428]
  0x000001ea1878d6d0 ConcurrentGCThread "G1 Refine#5" [stack: 0x0000001e6ad00000,0x0000001e6ae00000] [id=31528]
  0x000001ea1878dc90 ConcurrentGCThread "G1 Refine#6" [stack: 0x0000001e6b000000,0x0000001e6b100000] [id=26292]
  0x000001ea7b6eebb0 ConcurrentGCThread "G1 Service" [stack: 0x0000001e61a00000,0x0000001e61b00000] [id=28144]

Threads with active compile tasks:
C2 CompilerThread0  3296288 21768   !   4       java.io.ObjectOutputStream::writeObject0 (620 bytes)
C1 CompilerThread0  3296288 21778       3       java.nio.file.attribute.FileTime::compareTo (154 bytes)
C2 CompilerThread1  3296288 21740       4       com.google.common.collect.ObjectArrays::checkElementsNotNull (23 bytes)

VM state: at safepoint (normal execution)

VM Mutex/Monitor currently owned by a thread:  ([mutex/lock_event])
[0x000001ea7b626c30] Threads_lock - owner thread: 0x000001ea1550be30
[0x000001ea7b625e20] Heap_lock - owner thread: 0x000001ea16f262f0

Heap address: 0x0000000080000000, size: 2048 MB, Compressed Oops mode: 32-bit

CDS archive(s) not mapped
Compressed class space mapped at: 0x0000000100000000-0x0000000140000000, reserved size: 1073741824
Narrow klass base: 0x0000000000000000, Narrow klass shift: 3, Narrow klass range: 0x140000000

GC Precious Log:
 CPUs: 8 total, 8 available
 Memory: 7888M
 Large Page Support: Disabled
 NUMA Support: Disabled
 Compressed Oops: Enabled (32-bit)
 Heap Region Size: 1M
 Heap Min Capacity: 8M
 Heap Initial Capacity: 124M
 Heap Max Capacity: 2G
 Pre-touch: Disabled
 Parallel Workers: 8
 Concurrent Workers: 2
 Concurrent Refinement Workers: 8
 Periodic GC: Disabled

Heap:
 garbage-first heap   total 256000K, used 131780K [0x0000000080000000, 0x0000000100000000)
  region size 1024K, 3 young (3072K), 3 survivors (3072K)
 Metaspace       used 137576K, committed 138432K, reserved 1171456K
  class space    used 18271K, committed 18688K, reserved 1048576K

Heap Regions: E=young(eden), S=young(survivor), O=old, HS=humongous(starts), HC=humongous(continues), CS=collection set, F=free, OA=open archive, CA=closed archive, TAMS=top-at-mark-start (previous, next)
|   0|0x0000000080000000, 0x0000000080100000, 0x0000000080100000|100%|HS|  |TAMS 0x0000000080100000, 0x0000000080100000| Complete 
|   1|0x0000000080100000, 0x0000000080200000, 0x0000000080200000|100%|HC|  |TAMS 0x0000000080200000, 0x0000000080200000| Complete 
|   2|0x0000000080200000, 0x0000000080300000, 0x0000000080300000|100%|HC|  |TAMS 0x0000000080300000, 0x0000000080300000| Complete 
|   3|0x0000000080300000, 0x0000000080400000, 0x0000000080400000|100%|HC|  |TAMS 0x0000000080400000, 0x0000000080400000| Complete 
|   4|0x0000000080400000, 0x0000000080500000, 0x0000000080500000|100%| O|  |TAMS 0x0000000080500000, 0x0000000080500000| Untracked 
|   5|0x0000000080500000, 0x0000000080600000, 0x0000000080600000|100%| O|  |TAMS 0x0000000080600000, 0x0000000080600000| Untracked 
|   6|0x0000000080600000, 0x0000000080700000, 0x0000000080700000|100%| O|  |TAMS 0x0000000080700000, 0x0000000080700000| Untracked 
|   7|0x0000000080700000, 0x0000000080800000, 0x0000000080800000|100%| O|  |TAMS 0x0000000080800000, 0x0000000080800000| Untracked 
|   8|0x0000000080800000, 0x0000000080900000, 0x0000000080900000|100%| O|  |TAMS 0x0000000080900000, 0x0000000080900000| Untracked 
|   9|0x0000000080900000, 0x0000000080a00000, 0x0000000080a00000|100%| O|  |TAMS 0x0000000080a00000, 0x0000000080a00000| Untracked 
|  10|0x0000000080a00000, 0x0000000080b00000, 0x0000000080b00000|100%| O|  |TAMS 0x0000000080b00000, 0x0000000080b00000| Untracked 
|  11|0x0000000080b00000, 0x0000000080b00000, 0x0000000080c00000|  0%| F|  |TAMS 0x0000000080b00000, 0x0000000080b00000| Untracked 
|  12|0x0000000080c00000, 0x0000000080d00000, 0x0000000080d00000|100%| O|  |TAMS 0x0000000080d00000, 0x0000000080d00000| Untracked 
|  13|0x0000000080d00000, 0x0000000080e00000, 0x0000000080e00000|100%| O|  |TAMS 0x0000000080e00000, 0x0000000080e00000| Untracked 
|  14|0x0000000080e00000, 0x0000000080f00000, 0x0000000080f00000|100%| O|  |TAMS 0x0000000080f00000, 0x0000000080f00000| Untracked 
|  15|0x0000000080f00000, 0x0000000081000000, 0x0000000081000000|100%| O|  |TAMS 0x0000000081000000, 0x0000000081000000| Untracked 
|  16|0x0000000081000000, 0x0000000081100000, 0x0000000081100000|100%| O|  |TAMS 0x0000000081100000, 0x0000000081100000| Untracked 
|  17|0x0000000081100000, 0x0000000081200000, 0x0000000081200000|100%| O|  |TAMS 0x0000000081200000, 0x0000000081200000| Untracked 
|  18|0x0000000081200000, 0x0000000081300000, 0x0000000081300000|100%| O|  |TAMS 0x0000000081300000, 0x0000000081300000| Untracked 
|  19|0x0000000081300000, 0x0000000081400000, 0x0000000081400000|100%| O|  |TAMS 0x0000000081400000, 0x0000000081400000| Untracked 
|  20|0x0000000081400000, 0x0000000081500000, 0x0000000081500000|100%| O|  |TAMS 0x0000000081500000, 0x0000000081500000| Untracked 
|  21|0x0000000081500000, 0x0000000081600000, 0x0000000081600000|100%| O|  |TAMS 0x0000000081600000, 0x0000000081600000| Untracked 
|  22|0x0000000081600000, 0x0000000081700000, 0x0000000081700000|100%| O|  |TAMS 0x0000000081700000, 0x0000000081700000| Untracked 
|  23|0x0000000081700000, 0x0000000081800000, 0x0000000081800000|100%| O|  |TAMS 0x0000000081800000, 0x0000000081800000| Untracked 
|  24|0x0000000081800000, 0x0000000081900000, 0x0000000081900000|100%| O|  |TAMS 0x0000000081900000, 0x0000000081900000| Untracked 
|  25|0x0000000081900000, 0x0000000081a00000, 0x0000000081a00000|100%|HS|  |TAMS 0x0000000081a00000, 0x0000000081a00000| Complete 
|  26|0x0000000081a00000, 0x0000000081b00000, 0x0000000081b00000|100%| O|  |TAMS 0x0000000081b00000, 0x0000000081b00000| Untracked 
|  27|0x0000000081b00000, 0x0000000081c00000, 0x0000000081c00000|100%| O|  |TAMS 0x0000000081c00000, 0x0000000081c00000| Untracked 
|  28|0x0000000081c00000, 0x0000000081d00000, 0x0000000081d00000|100%| O|  |TAMS 0x0000000081d00000, 0x0000000081d00000| Untracked 
|  29|0x0000000081d00000, 0x0000000081e00000, 0x0000000081e00000|100%| O|  |TAMS 0x0000000081e00000, 0x0000000081e00000| Untracked 
|  30|0x0000000081e00000, 0x0000000081f00000, 0x0000000081f00000|100%| O|  |TAMS 0x0000000081f00000, 0x0000000081f00000| Untracked 
|  31|0x0000000081f00000, 0x0000000082000000, 0x0000000082000000|100%| O|  |TAMS 0x0000000082000000, 0x0000000082000000| Untracked 
|  32|0x0000000082000000, 0x0000000082100000, 0x0000000082100000|100%| O|  |TAMS 0x0000000082000000, 0x0000000082100000| Untracked 
|  33|0x0000000082100000, 0x0000000082200000, 0x0000000082200000|100%| O|  |TAMS 0x0000000082200000, 0x0000000082200000| Untracked 
|  34|0x0000000082200000, 0x0000000082300000, 0x0000000082300000|100%|HS|  |TAMS 0x0000000082300000, 0x0000000082300000| Complete 
|  35|0x0000000082300000, 0x0000000082400000, 0x0000000082400000|100%| O|  |TAMS 0x0000000082300000, 0x0000000082400000| Untracked 
|  36|0x0000000082400000, 0x0000000082500000, 0x0000000082500000|100%| O|  |TAMS 0x0000000082500000, 0x0000000082500000| Untracked 
|  37|0x0000000082500000, 0x0000000082600000, 0x0000000082600000|100%| O|  |TAMS 0x0000000082600000, 0x0000000082600000| Untracked 
|  38|0x0000000082600000, 0x0000000082700000, 0x0000000082700000|100%| O|  |TAMS 0x0000000082700000, 0x0000000082700000| Untracked 
|  39|0x0000000082700000, 0x0000000082800000, 0x0000000082800000|100%| O|  |TAMS 0x0000000082700000, 0x0000000082800000| Untracked 
|  40|0x0000000082800000, 0x0000000082900000, 0x0000000082900000|100%| O|  |TAMS 0x0000000082800000, 0x0000000082900000| Untracked 
|  41|0x0000000082900000, 0x0000000082a00000, 0x0000000082a00000|100%| O|  |TAMS 0x0000000082a00000, 0x0000000082a00000| Untracked 
|  42|0x0000000082a00000, 0x0000000082b00000, 0x0000000082b00000|100%| O|  |TAMS 0x0000000082b00000, 0x0000000082b00000| Untracked 
|  43|0x0000000082b00000, 0x0000000082c00000, 0x0000000082c00000|100%| O|  |TAMS 0x0000000082b00000, 0x0000000082c00000| Untracked 
|  44|0x0000000082c00000, 0x0000000082d00000, 0x0000000082d00000|100%| O|  |TAMS 0x0000000082d00000, 0x0000000082d00000| Untracked 
|  45|0x0000000082d00000, 0x0000000082e00000, 0x0000000082e00000|100%| O|  |TAMS 0x0000000082e00000, 0x0000000082e00000| Untracked 
|  46|0x0000000082e00000, 0x0000000082f00000, 0x0000000082f00000|100%| O|  |TAMS 0x0000000082f00000, 0x0000000082f00000| Untracked 
|  47|0x0000000082f00000, 0x0000000083000000, 0x0000000083000000|100%| O|  |TAMS 0x0000000083000000, 0x0000000083000000| Untracked 
|  48|0x0000000083000000, 0x0000000083100000, 0x0000000083100000|100%| O|  |TAMS 0x0000000083100000, 0x0000000083100000| Untracked 
|  49|0x0000000083100000, 0x0000000083200000, 0x0000000083200000|100%| O|  |TAMS 0x0000000083200000, 0x0000000083200000| Untracked 
|  50|0x0000000083200000, 0x0000000083300000, 0x0000000083300000|100%| O|  |TAMS 0x0000000083200000, 0x0000000083300000| Untracked 
|  51|0x0000000083300000, 0x0000000083400000, 0x0000000083400000|100%| O|  |TAMS 0x0000000083400000, 0x0000000083400000| Untracked 
|  52|0x0000000083400000, 0x0000000083500000, 0x0000000083500000|100%| O|  |TAMS 0x0000000083500000, 0x0000000083500000| Untracked 
|  53|0x0000000083500000, 0x0000000083600000, 0x0000000083600000|100%| O|  |TAMS 0x0000000083600000, 0x0000000083600000| Untracked 
|  54|0x0000000083600000, 0x0000000083700000, 0x0000000083700000|100%| O|  |TAMS 0x0000000083600000, 0x0000000083700000| Untracked 
|  55|0x0000000083700000, 0x0000000083800000, 0x0000000083800000|100%| O|  |TAMS 0x0000000083800000, 0x0000000083800000| Untracked 
|  56|0x0000000083800000, 0x0000000083900000, 0x0000000083900000|100%| O|  |TAMS 0x0000000083900000, 0x0000000083900000| Untracked 
|  57|0x0000000083900000, 0x0000000083a00000, 0x0000000083a00000|100%| O|  |TAMS 0x0000000083a00000, 0x0000000083a00000| Untracked 
|  58|0x0000000083a00000, 0x0000000083b00000, 0x0000000083b00000|100%| O|  |TAMS 0x0000000083b00000, 0x0000000083b00000| Untracked 
|  59|0x0000000083b00000, 0x0000000083c00000, 0x0000000083c00000|100%| O|  |TAMS 0x0000000083c00000, 0x0000000083c00000| Untracked 
|  60|0x0000000083c00000, 0x0000000083d00000, 0x0000000083d00000|100%| O|  |TAMS 0x0000000083c00000, 0x0000000083d00000| Untracked 
|  61|0x0000000083d00000, 0x0000000083e00000, 0x0000000083e00000|100%| O|  |TAMS 0x0000000083e00000, 0x0000000083e00000| Untracked 
|  62|0x0000000083e00000, 0x0000000083f00000, 0x0000000083f00000|100%| O|  |TAMS 0x0000000083f00000, 0x0000000083f00000| Untracked 
|  63|0x0000000083f00000, 0x0000000084000000, 0x0000000084000000|100%| O|  |TAMS 0x0000000084000000, 0x0000000084000000| Untracked 
|  64|0x0000000084000000, 0x0000000084046800, 0x0000000084100000| 27%| O|  |TAMS 0x0000000084000000, 0x0000000084046800| Untracked 
|  65|0x0000000084100000, 0x0000000084200000, 0x0000000084200000|100%| O|  |TAMS 0x0000000084200000, 0x0000000084200000| Untracked 
|  66|0x0000000084200000, 0x0000000084300000, 0x0000000084300000|100%| O|  |TAMS 0x0000000084300000, 0x0000000084300000| Untracked 
|  67|0x0000000084300000, 0x0000000084400000, 0x0000000084400000|100%| O|  |TAMS 0x0000000084400000, 0x0000000084400000| Untracked 
|  68|0x0000000084400000, 0x0000000084500000, 0x0000000084500000|100%| O|  |TAMS 0x0000000084500000, 0x0000000084500000| Untracked 
|  69|0x0000000084500000, 0x0000000084600000, 0x0000000084600000|100%| O|  |TAMS 0x0000000084600000, 0x0000000084600000| Untracked 
|  70|0x0000000084600000, 0x0000000084600000, 0x0000000084700000|  0%| F|  |TAMS 0x0000000084600000, 0x0000000084600000| Untracked 
|  71|0x0000000084700000, 0x0000000084800000, 0x0000000084800000|100%| O|  |TAMS 0x0000000084700000, 0x0000000084800000| Untracked 
|  72|0x0000000084800000, 0x0000000084800000, 0x0000000084900000|  0%| F|  |TAMS 0x0000000084800000, 0x0000000084800000| Untracked 
|  73|0x0000000084900000, 0x0000000084a00000, 0x0000000084a00000|100%| O|  |TAMS 0x0000000084a00000, 0x0000000084a00000| Untracked 
|  74|0x0000000084a00000, 0x0000000084b00000, 0x0000000084b00000|100%| O|  |TAMS 0x0000000084b00000, 0x0000000084b00000| Untracked 
|  75|0x0000000084b00000, 0x0000000084c00000, 0x0000000084c00000|100%| O|  |TAMS 0x0000000084c00000, 0x0000000084c00000| Untracked 
|  76|0x0000000084c00000, 0x0000000084d00000, 0x0000000084d00000|100%| O|  |TAMS 0x0000000084d00000, 0x0000000084d00000| Untracked 
|  77|0x0000000084d00000, 0x0000000084e00000, 0x0000000084e00000|100%| O|  |TAMS 0x0000000084e00000, 0x0000000084e00000| Untracked 
|  78|0x0000000084e00000, 0x0000000084f00000, 0x0000000084f00000|100%| O|  |TAMS 0x0000000084f00000, 0x0000000084f00000| Untracked 
|  79|0x0000000084f00000, 0x0000000085000000, 0x0000000085000000|100%| O|  |TAMS 0x0000000085000000, 0x0000000085000000| Untracked 
|  80|0x0000000085000000, 0x0000000085100000, 0x0000000085100000|100%| O|  |TAMS 0x0000000085100000, 0x0000000085100000| Untracked 
|  81|0x0000000085100000, 0x0000000085200000, 0x0000000085200000|100%| O|  |TAMS 0x0000000085200000, 0x0000000085200000| Untracked 
|  82|0x0000000085200000, 0x0000000085300000, 0x0000000085300000|100%| O|  |TAMS 0x0000000085300000, 0x0000000085300000| Untracked 
|  83|0x0000000085300000, 0x0000000085400000, 0x0000000085400000|100%| O|  |TAMS 0x0000000085400000, 0x0000000085400000| Untracked 
|  84|0x0000000085400000, 0x0000000085500000, 0x0000000085500000|100%| O|  |TAMS 0x0000000085500000, 0x0000000085500000| Untracked 
|  85|0x0000000085500000, 0x0000000085600000, 0x0000000085600000|100%| O|  |TAMS 0x0000000085500000, 0x0000000085600000| Untracked 
|  86|0x0000000085600000, 0x0000000085700000, 0x0000000085700000|100%| O|  |TAMS 0x0000000085700000, 0x0000000085700000| Untracked 
|  87|0x0000000085700000, 0x0000000085800000, 0x0000000085800000|100%| O|  |TAMS 0x0000000085700000, 0x0000000085800000| Untracked 
|  88|0x0000000085800000, 0x0000000085800000, 0x0000000085900000|  0%| F|  |TAMS 0x0000000085800000, 0x0000000085800000| Untracked 
|  89|0x0000000085900000, 0x0000000085a00000, 0x0000000085a00000|100%| O|  |TAMS 0x0000000085900000, 0x0000000085a00000| Untracked 
|  90|0x0000000085a00000, 0x0000000085b00000, 0x0000000085b00000|100%| O|  |TAMS 0x0000000085b00000, 0x0000000085b00000| Untracked 
|  91|0x0000000085b00000, 0x0000000085b00000, 0x0000000085c00000|  0%| F|  |TAMS 0x0000000085b00000, 0x0000000085b00000| Untracked 
|  92|0x0000000085c00000, 0x0000000085c00000, 0x0000000085d00000|  0%| F|  |TAMS 0x0000000085c00000, 0x0000000085c00000| Untracked 
|  93|0x0000000085d00000, 0x0000000085d00000, 0x0000000085e00000|  0%| F|  |TAMS 0x0000000085d00000, 0x0000000085d00000| Untracked 
|  94|0x0000000085e00000, 0x0000000085f00000, 0x0000000085f00000|100%| O|  |TAMS 0x0000000085f00000, 0x0000000085f00000| Untracked 
|  95|0x0000000085f00000, 0x0000000086000000, 0x0000000086000000|100%| O|  |TAMS 0x0000000086000000, 0x0000000086000000| Untracked 
|  96|0x0000000086000000, 0x0000000086100000, 0x0000000086100000|100%| O|  |TAMS 0x0000000086100000, 0x0000000086100000| Untracked 
|  97|0x0000000086100000, 0x0000000086200000, 0x0000000086200000|100%| O|  |TAMS 0x0000000086200000, 0x0000000086200000| Untracked 
|  98|0x0000000086200000, 0x0000000086300000, 0x0000000086300000|100%| O|  |TAMS 0x0000000086300000, 0x0000000086300000| Untracked 
|  99|0x0000000086300000, 0x0000000086400000, 0x0000000086400000|100%| O|  |TAMS 0x0000000086400000, 0x0000000086400000| Untracked 
| 100|0x0000000086400000, 0x0000000086400000, 0x0000000086500000|  0%| F|  |TAMS 0x0000000086400000, 0x0000000086400000| Untracked 
| 101|0x0000000086500000, 0x0000000086600000, 0x0000000086600000|100%| O|  |TAMS 0x0000000086500000, 0x0000000086600000| Untracked 
| 102|0x0000000086600000, 0x0000000086700000, 0x0000000086700000|100%| O|  |TAMS 0x0000000086600000, 0x0000000086700000| Untracked 
| 103|0x0000000086700000, 0x0000000086800000, 0x0000000086800000|100%| O|  |TAMS 0x0000000086800000, 0x0000000086800000| Untracked 
| 104|0x0000000086800000, 0x0000000086900000, 0x0000000086900000|100%| O|  |TAMS 0x0000000086900000, 0x0000000086900000| Untracked 
| 105|0x0000000086900000, 0x0000000086a00000, 0x0000000086a00000|100%| O|  |TAMS 0x0000000086a00000, 0x0000000086a00000| Untracked 
| 106|0x0000000086a00000, 0x0000000086a00000, 0x0000000086b00000|  0%| F|  |TAMS 0x0000000086a00000, 0x0000000086a00000| Untracked 
| 107|0x0000000086b00000, 0x0000000086c00000, 0x0000000086c00000|100%| O|  |TAMS 0x0000000086c00000, 0x0000000086c00000| Untracked 
| 108|0x0000000086c00000, 0x0000000086c00000, 0x0000000086d00000|  0%| F|  |TAMS 0x0000000086c00000, 0x0000000086c00000| Untracked 
| 109|0x0000000086d00000, 0x0000000086e00000, 0x0000000086e00000|100%| O|  |TAMS 0x0000000086e00000, 0x0000000086e00000| Untracked 
| 110|0x0000000086e00000, 0x0000000086f00000, 0x0000000086f00000|100%| O|  |TAMS 0x0000000086e00000, 0x0000000086f00000| Untracked 
| 111|0x0000000086f00000, 0x0000000087000000, 0x0000000087000000|100%| O|  |TAMS 0x0000000087000000, 0x0000000087000000| Untracked 
| 112|0x0000000087000000, 0x0000000087000000, 0x0000000087100000|  0%| F|  |TAMS 0x0000000087000000, 0x0000000087000000| Untracked 
| 113|0x0000000087100000, 0x0000000087200000, 0x0000000087200000|100%| O|  |TAMS 0x0000000087200000, 0x0000000087200000| Untracked 
| 114|0x0000000087200000, 0x0000000087300000, 0x0000000087300000|100%| O|  |TAMS 0x0000000087300000, 0x0000000087300000| Untracked 
| 115|0x0000000087300000, 0x0000000087300000, 0x0000000087400000|  0%| F|  |TAMS 0x0000000087300000, 0x0000000087300000| Untracked 
| 116|0x0000000087400000, 0x0000000087500000, 0x0000000087500000|100%| O|  |TAMS 0x0000000087500000, 0x0000000087500000| Untracked 
| 117|0x0000000087500000, 0x0000000087600000, 0x0000000087600000|100%| O|  |TAMS 0x0000000087600000, 0x0000000087600000| Untracked 
| 118|0x0000000087600000, 0x0000000087700000, 0x0000000087700000|100%| O|  |TAMS 0x0000000087700000, 0x0000000087700000| Untracked 
| 119|0x0000000087700000, 0x0000000087800000, 0x0000000087800000|100%| O|  |TAMS 0x0000000087800000, 0x0000000087800000| Untracked 
| 120|0x0000000087800000, 0x0000000087900000, 0x0000000087900000|100%| O|  |TAMS 0x0000000087900000, 0x0000000087900000| Untracked 
| 121|0x0000000087900000, 0x0000000087a00000, 0x0000000087a00000|100%| O|  |TAMS 0x0000000087a00000, 0x0000000087a00000| Untracked 
| 122|0x0000000087a00000, 0x0000000087b00000, 0x0000000087b00000|100%| O|  |TAMS 0x0000000087a00000, 0x0000000087b00000| Untracked 
| 123|0x0000000087b00000, 0x0000000087b00000, 0x0000000087c00000|  0%| F|  |TAMS 0x0000000087b00000, 0x0000000087b00000| Untracked 
| 124|0x0000000087c00000, 0x0000000087c00000, 0x0000000087d00000|  0%| F|  |TAMS 0x0000000087c00000, 0x0000000087c00000| Untracked 
| 125|0x0000000087d00000, 0x0000000087e00000, 0x0000000087e00000|100%| O|  |TAMS 0x0000000087d00000, 0x0000000087e00000| Untracked 
| 126|0x0000000087e00000, 0x0000000087e00000, 0x0000000087f00000|  0%| F|  |TAMS 0x0000000087e00000, 0x0000000087e00000| Untracked 
| 127|0x0000000087f00000, 0x0000000087f00000, 0x0000000088000000|  0%| F|  |TAMS 0x0000000087f00000, 0x0000000087f00000| Untracked 
| 128|0x0000000088000000, 0x0000000088100000, 0x0000000088100000|100%| O|  |TAMS 0x0000000088000000, 0x0000000088100000| Untracked 
| 129|0x0000000088100000, 0x0000000088100000, 0x0000000088200000|  0%| F|  |TAMS 0x0000000088100000, 0x0000000088100000| Untracked 
| 130|0x0000000088200000, 0x0000000088200000, 0x0000000088300000|  0%| F|  |TAMS 0x0000000088200000, 0x0000000088200000| Untracked 
| 131|0x0000000088300000, 0x0000000088400000, 0x0000000088400000|100%| O|  |TAMS 0x0000000088400000, 0x0000000088400000| Untracked 
| 132|0x0000000088400000, 0x0000000088500000, 0x0000000088500000|100%| O|  |TAMS 0x0000000088500000, 0x0000000088500000| Untracked 
| 133|0x0000000088500000, 0x0000000088600000, 0x0000000088600000|100%| O|  |TAMS 0x0000000088500000, 0x0000000088600000| Untracked 
| 134|0x0000000088600000, 0x0000000088600000, 0x0000000088700000|  0%| F|  |TAMS 0x0000000088600000, 0x0000000088600000| Untracked 
| 135|0x0000000088700000, 0x0000000088700000, 0x0000000088800000|  0%| F|  |TAMS 0x0000000088700000, 0x0000000088700000| Untracked 
| 136|0x0000000088800000, 0x0000000088800000, 0x0000000088900000|  0%| F|  |TAMS 0x0000000088800000, 0x0000000088800000| Untracked 
| 137|0x0000000088900000, 0x0000000088a00000, 0x0000000088a00000|100%| O|  |TAMS 0x0000000088900000, 0x0000000088a00000| Untracked 
| 138|0x0000000088a00000, 0x0000000088a00000, 0x0000000088b00000|  0%| F|  |TAMS 0x0000000088a00000, 0x0000000088a00000| Untracked 
| 139|0x0000000088b00000, 0x0000000088b00000, 0x0000000088c00000|  0%| F|  |TAMS 0x0000000088b00000, 0x0000000088b00000| Untracked 
| 140|0x0000000088c00000, 0x0000000088d00000, 0x0000000088d00000|100%| O|  |TAMS 0x0000000088cc0c00, 0x0000000088d00000| Untracked 
| 141|0x0000000088d00000, 0x0000000088e00000, 0x0000000088e00000|100%| O|  |TAMS 0x0000000088d00000, 0x0000000088e00000| Untracked 
| 142|0x0000000088e00000, 0x0000000088f00000, 0x0000000088f00000|100%| O|  |TAMS 0x0000000088e00000, 0x0000000088f00000| Untracked 
| 143|0x0000000088f00000, 0x0000000089000000, 0x0000000089000000|100%| O|  |TAMS 0x0000000088f00000, 0x0000000089000000| Untracked 
| 144|0x0000000089000000, 0x0000000089100000, 0x0000000089100000|100%| O|  |TAMS 0x0000000089000000, 0x0000000089100000| Untracked 
| 145|0x0000000089100000, 0x0000000089200000, 0x0000000089200000|100%| O|  |TAMS 0x0000000089100000, 0x0000000089200000| Untracked 
| 146|0x0000000089200000, 0x0000000089300000, 0x0000000089300000|100%| O|  |TAMS 0x0000000089200000, 0x0000000089300000| Untracked 
| 147|0x0000000089300000, 0x0000000089300000, 0x0000000089400000|  0%| F|  |TAMS 0x0000000089300000, 0x0000000089300000| Untracked 
| 148|0x0000000089400000, 0x0000000089500000, 0x0000000089500000|100%|HS|  |TAMS 0x0000000089500000, 0x0000000089500000| Complete 
| 149|0x0000000089500000, 0x0000000089600000, 0x0000000089600000|100%|HC|  |TAMS 0x0000000089600000, 0x0000000089600000| Complete 
| 150|0x0000000089600000, 0x0000000089600000, 0x0000000089700000|  0%| F|  |TAMS 0x0000000089600000, 0x0000000089600000| Untracked 
| 151|0x0000000089700000, 0x0000000089700000, 0x0000000089800000|  0%| F|  |TAMS 0x0000000089700000, 0x0000000089700000| Untracked 
| 152|0x0000000089800000, 0x0000000089800000, 0x0000000089900000|  0%| F|  |TAMS 0x0000000089800000, 0x0000000089800000| Untracked 
| 153|0x0000000089900000, 0x0000000089900000, 0x0000000089a00000|  0%| F|  |TAMS 0x0000000089900000, 0x0000000089900000| Untracked 
| 154|0x0000000089a00000, 0x0000000089a00000, 0x0000000089b00000|  0%| F|  |TAMS 0x0000000089a00000, 0x0000000089a00000| Untracked 
| 155|0x0000000089b00000, 0x0000000089b00000, 0x0000000089c00000|  0%| F|  |TAMS 0x0000000089b00000, 0x0000000089b00000| Untracked 
| 156|0x0000000089c00000, 0x0000000089c00000, 0x0000000089d00000|  0%| F|  |TAMS 0x0000000089c00000, 0x0000000089c00000| Untracked 
| 157|0x0000000089d00000, 0x0000000089d00000, 0x0000000089e00000|  0%| F|  |TAMS 0x0000000089d00000, 0x0000000089d00000| Untracked 
| 158|0x0000000089e00000, 0x0000000089e00000, 0x0000000089f00000|  0%| F|  |TAMS 0x0000000089e00000, 0x0000000089e00000| Untracked 
| 159|0x0000000089f00000, 0x0000000089f00000, 0x000000008a000000|  0%| F|  |TAMS 0x0000000089f00000, 0x0000000089f00000| Untracked 
| 160|0x000000008a000000, 0x000000008a000000, 0x000000008a100000|  0%| F|  |TAMS 0x000000008a000000, 0x000000008a000000| Untracked 
| 161|0x000000008a100000, 0x000000008a100000, 0x000000008a200000|  0%| F|  |TAMS 0x000000008a100000, 0x000000008a100000| Untracked 
| 162|0x000000008a200000, 0x000000008a200000, 0x000000008a300000|  0%| F|  |TAMS 0x000000008a200000, 0x000000008a200000| Untracked 
| 163|0x000000008a300000, 0x000000008a300000, 0x000000008a400000|  0%| F|  |TAMS 0x000000008a300000, 0x000000008a300000| Untracked 
| 164|0x000000008a400000, 0x000000008a400000, 0x000000008a500000|  0%| F|  |TAMS 0x000000008a400000, 0x000000008a400000| Untracked 
| 165|0x000000008a500000, 0x000000008a500000, 0x000000008a600000|  0%| F|  |TAMS 0x000000008a500000, 0x000000008a500000| Untracked 
| 166|0x000000008a600000, 0x000000008a600000, 0x000000008a700000|  0%| F|  |TAMS 0x000000008a600000, 0x000000008a600000| Untracked 
| 167|0x000000008a700000, 0x000000008a700000, 0x000000008a800000|  0%| F|  |TAMS 0x000000008a700000, 0x000000008a700000| Untracked 
| 168|0x000000008a800000, 0x000000008a800000, 0x000000008a900000|  0%| F|  |TAMS 0x000000008a800000, 0x000000008a800000| Untracked 
| 169|0x000000008a900000, 0x000000008a900000, 0x000000008aa00000|  0%| F|  |TAMS 0x000000008a900000, 0x000000008a900000| Untracked 
| 170|0x000000008aa00000, 0x000000008aa00000, 0x000000008ab00000|  0%| F|  |TAMS 0x000000008aa00000, 0x000000008aa00000| Untracked 
| 171|0x000000008ab00000, 0x000000008ab00000, 0x000000008ac00000|  0%| F|  |TAMS 0x000000008ab00000, 0x000000008ab00000| Untracked 
| 172|0x000000008ac00000, 0x000000008ac00000, 0x000000008ad00000|  0%| F|  |TAMS 0x000000008ac00000, 0x000000008ac00000| Untracked 
| 173|0x000000008ad00000, 0x000000008ad00000, 0x000000008ae00000|  0%| F|  |TAMS 0x000000008ad00000, 0x000000008ad00000| Untracked 
| 174|0x000000008ae00000, 0x000000008ae00000, 0x000000008af00000|  0%| F|  |TAMS 0x000000008ae00000, 0x000000008ae00000| Untracked 
| 175|0x000000008af00000, 0x000000008af00000, 0x000000008b000000|  0%| F|  |TAMS 0x000000008af00000, 0x000000008af00000| Untracked 
| 176|0x000000008b000000, 0x000000008b000000, 0x000000008b100000|  0%| F|  |TAMS 0x000000008b000000, 0x000000008b000000| Untracked 
| 177|0x000000008b100000, 0x000000008b100000, 0x000000008b200000|  0%| F|  |TAMS 0x000000008b100000, 0x000000008b100000| Untracked 
| 178|0x000000008b200000, 0x000000008b200000, 0x000000008b300000|  0%| F|  |TAMS 0x000000008b200000, 0x000000008b200000| Untracked 
| 179|0x000000008b300000, 0x000000008b300000, 0x000000008b400000|  0%| F|  |TAMS 0x000000008b300000, 0x000000008b300000| Untracked 
| 180|0x000000008b400000, 0x000000008b400000, 0x000000008b500000|  0%| F|  |TAMS 0x000000008b400000, 0x000000008b400000| Untracked 
| 181|0x000000008b500000, 0x000000008b500000, 0x000000008b600000|  0%| F|  |TAMS 0x000000008b500000, 0x000000008b500000| Untracked 
| 182|0x000000008b600000, 0x000000008b600000, 0x000000008b700000|  0%| F|  |TAMS 0x000000008b600000, 0x000000008b600000| Untracked 
| 183|0x000000008b700000, 0x000000008b700000, 0x000000008b800000|  0%| F|  |TAMS 0x000000008b700000, 0x000000008b700000| Untracked 
| 184|0x000000008b800000, 0x000000008b800000, 0x000000008b900000|  0%| F|  |TAMS 0x000000008b800000, 0x000000008b800000| Untracked 
| 185|0x000000008b900000, 0x000000008b900000, 0x000000008ba00000|  0%| F|  |TAMS 0x000000008b900000, 0x000000008b900000| Untracked 
| 186|0x000000008ba00000, 0x000000008ba00000, 0x000000008bb00000|  0%| F|  |TAMS 0x000000008ba00000, 0x000000008ba00000| Untracked 
| 187|0x000000008bb00000, 0x000000008bb00000, 0x000000008bc00000|  0%| F|  |TAMS 0x000000008bb00000, 0x000000008bb00000| Untracked 
| 188|0x000000008bc00000, 0x000000008bc00000, 0x000000008bd00000|  0%| F|  |TAMS 0x000000008bc00000, 0x000000008bc00000| Untracked 
| 189|0x000000008bd00000, 0x000000008bd00000, 0x000000008be00000|  0%| F|  |TAMS 0x000000008bd00000, 0x000000008bd00000| Untracked 
| 190|0x000000008be00000, 0x000000008be00000, 0x000000008bf00000|  0%| F|  |TAMS 0x000000008be00000, 0x000000008be00000| Untracked 
| 191|0x000000008bf00000, 0x000000008bf00000, 0x000000008c000000|  0%| F|  |TAMS 0x000000008bf00000, 0x000000008bf00000| Untracked 
| 192|0x000000008c000000, 0x000000008c000000, 0x000000008c100000|  0%| F|  |TAMS 0x000000008c000000, 0x000000008c000000| Untracked 
| 193|0x000000008c100000, 0x000000008c100000, 0x000000008c200000|  0%| F|  |TAMS 0x000000008c100000, 0x000000008c100000| Untracked 
| 194|0x000000008c200000, 0x000000008c200000, 0x000000008c300000|  0%| F|  |TAMS 0x000000008c200000, 0x000000008c200000| Untracked 
| 195|0x000000008c300000, 0x000000008c300000, 0x000000008c400000|  0%| F|  |TAMS 0x000000008c300000, 0x000000008c300000| Untracked 
| 196|0x000000008c400000, 0x000000008c400000, 0x000000008c500000|  0%| F|  |TAMS 0x000000008c400000, 0x000000008c400000| Untracked 
| 197|0x000000008c500000, 0x000000008c500000, 0x000000008c600000|  0%| F|  |TAMS 0x000000008c500000, 0x000000008c500000| Untracked 
| 198|0x000000008c600000, 0x000000008c600000, 0x000000008c700000|  0%| F|  |TAMS 0x000000008c600000, 0x000000008c600000| Untracked 
| 199|0x000000008c700000, 0x000000008c700000, 0x000000008c800000|  0%| F|  |TAMS 0x000000008c700000, 0x000000008c700000| Untracked 
| 200|0x000000008c800000, 0x000000008c800000, 0x000000008c900000|  0%| F|  |TAMS 0x000000008c800000, 0x000000008c800000| Untracked 
| 201|0x000000008c900000, 0x000000008c900000, 0x000000008ca00000|  0%| F|  |TAMS 0x000000008c900000, 0x000000008c900000| Untracked 
| 202|0x000000008ca00000, 0x000000008ca00000, 0x000000008cb00000|  0%| F|  |TAMS 0x000000008ca00000, 0x000000008ca00000| Untracked 
| 203|0x000000008cb00000, 0x000000008cb00000, 0x000000008cc00000|  0%| F|  |TAMS 0x000000008cb00000, 0x000000008cb00000| Untracked 
| 204|0x000000008cc00000, 0x000000008cc00000, 0x000000008cd00000|  0%| F|  |TAMS 0x000000008cc00000, 0x000000008cc00000| Untracked 
| 205|0x000000008cd00000, 0x000000008cd00000, 0x000000008ce00000|  0%| F|  |TAMS 0x000000008cd00000, 0x000000008cd00000| Untracked 
| 206|0x000000008ce00000, 0x000000008ce00000, 0x000000008cf00000|  0%| F|  |TAMS 0x000000008ce00000, 0x000000008ce00000| Untracked 
| 207|0x000000008cf00000, 0x000000008cf00000, 0x000000008d000000|  0%| F|  |TAMS 0x000000008cf00000, 0x000000008cf00000| Untracked 
| 208|0x000000008d000000, 0x000000008d000000, 0x000000008d100000|  0%| F|  |TAMS 0x000000008d000000, 0x000000008d000000| Untracked 
| 209|0x000000008d100000, 0x000000008d100000, 0x000000008d200000|  0%| F|  |TAMS 0x000000008d100000, 0x000000008d100000| Untracked 
| 210|0x000000008d200000, 0x000000008d200000, 0x000000008d300000|  0%| F|  |TAMS 0x000000008d200000, 0x000000008d200000| Untracked 
| 211|0x000000008d300000, 0x000000008d300000, 0x000000008d400000|  0%| F|  |TAMS 0x000000008d300000, 0x000000008d300000| Untracked 
| 212|0x000000008d400000, 0x000000008d400000, 0x000000008d500000|  0%| F|  |TAMS 0x000000008d400000, 0x000000008d400000| Untracked 
| 213|0x000000008d500000, 0x000000008d500000, 0x000000008d600000|  0%| F|  |TAMS 0x000000008d500000, 0x000000008d500000| Untracked 
| 214|0x000000008d600000, 0x000000008d600000, 0x000000008d700000|  0%| F|  |TAMS 0x000000008d600000, 0x000000008d600000| Untracked 
| 215|0x000000008d700000, 0x000000008d700000, 0x000000008d800000|  0%| F|  |TAMS 0x000000008d700000, 0x000000008d700000| Untracked 
| 216|0x000000008d800000, 0x000000008d800000, 0x000000008d900000|  0%| F|  |TAMS 0x000000008d800000, 0x000000008d800000| Untracked 
| 217|0x000000008d900000, 0x000000008d900000, 0x000000008da00000|  0%| F|  |TAMS 0x000000008d900000, 0x000000008d900000| Untracked 
| 218|0x000000008da00000, 0x000000008da00000, 0x000000008db00000|  0%| F|  |TAMS 0x000000008da00000, 0x000000008da00000| Untracked 
| 219|0x000000008db00000, 0x000000008db00000, 0x000000008dc00000|  0%| F|  |TAMS 0x000000008db00000, 0x000000008db00000| Untracked 
| 220|0x000000008dc00000, 0x000000008dc00000, 0x000000008dd00000|  0%| F|  |TAMS 0x000000008dc00000, 0x000000008dc00000| Untracked 
| 221|0x000000008dd00000, 0x000000008dd00000, 0x000000008de00000|  0%| F|  |TAMS 0x000000008dd00000, 0x000000008dd00000| Untracked 
| 222|0x000000008de00000, 0x000000008de00000, 0x000000008df00000|  0%| F|  |TAMS 0x000000008de00000, 0x000000008de00000| Untracked 
| 223|0x000000008df00000, 0x000000008df00000, 0x000000008e000000|  0%| F|  |TAMS 0x000000008df00000, 0x000000008df00000| Untracked 
| 224|0x000000008e000000, 0x000000008e000000, 0x000000008e100000|  0%| F|  |TAMS 0x000000008e000000, 0x000000008e000000| Untracked 
| 225|0x000000008e100000, 0x000000008e100000, 0x000000008e200000|  0%| F|  |TAMS 0x000000008e100000, 0x000000008e100000| Untracked 
| 226|0x000000008e200000, 0x000000008e200000, 0x000000008e300000|  0%| F|  |TAMS 0x000000008e200000, 0x000000008e200000| Untracked 
| 227|0x000000008e300000, 0x000000008e300000, 0x000000008e400000|  0%| F|  |TAMS 0x000000008e300000, 0x000000008e300000| Untracked 
| 228|0x000000008e400000, 0x000000008e400000, 0x000000008e500000|  0%| F|  |TAMS 0x000000008e400000, 0x000000008e400000| Untracked 
| 229|0x000000008e500000, 0x000000008e500000, 0x000000008e600000|  0%| F|  |TAMS 0x000000008e500000, 0x000000008e500000| Untracked 
| 230|0x000000008e600000, 0x000000008e600000, 0x000000008e700000|  0%| F|  |TAMS 0x000000008e600000, 0x000000008e600000| Untracked 
| 231|0x000000008e700000, 0x000000008e700000, 0x000000008e800000|  0%| F|  |TAMS 0x000000008e700000, 0x000000008e700000| Untracked 
| 232|0x000000008e800000, 0x000000008e800000, 0x000000008e900000|  0%| F|  |TAMS 0x000000008e800000, 0x000000008e800000| Untracked 
| 233|0x000000008e900000, 0x000000008e900000, 0x000000008ea00000|  0%| F|  |TAMS 0x000000008e900000, 0x000000008e900000| Untracked 
| 234|0x000000008ea00000, 0x000000008ea00000, 0x000000008eb00000|  0%| F|  |TAMS 0x000000008ea00000, 0x000000008ea00000| Untracked 
| 235|0x000000008eb00000, 0x000000008eb00000, 0x000000008ec00000|  0%| F|  |TAMS 0x000000008eb00000, 0x000000008eb00000| Untracked 
| 236|0x000000008ec00000, 0x000000008ec00000, 0x000000008ed00000|  0%| F|  |TAMS 0x000000008ec00000, 0x000000008ec00000| Untracked 
| 237|0x000000008ed00000, 0x000000008ed6ab78, 0x000000008ee00000| 41%| S|CS|TAMS 0x000000008ed00000, 0x000000008ed00000| Complete 
| 238|0x000000008ee00000, 0x000000008ef00000, 0x000000008ef00000|100%| S|CS|TAMS 0x000000008ee00000, 0x000000008ee00000| Complete 
| 239|0x000000008ef00000, 0x000000008f000000, 0x000000008f000000|100%| S|CS|TAMS 0x000000008ef00000, 0x000000008ef00000| Complete 
| 240|0x000000008f000000, 0x000000008f000000, 0x000000008f100000|  0%| F|  |TAMS 0x000000008f000000, 0x000000008f000000| Untracked 
| 241|0x000000008f100000, 0x000000008f100000, 0x000000008f200000|  0%| F|  |TAMS 0x000000008f100000, 0x000000008f100000| Untracked 
| 242|0x000000008f200000, 0x000000008f200000, 0x000000008f300000|  0%| F|  |TAMS 0x000000008f200000, 0x000000008f200000| Untracked 
| 243|0x000000008f300000, 0x000000008f300000, 0x000000008f400000|  0%| F|  |TAMS 0x000000008f300000, 0x000000008f300000| Untracked 
| 244|0x000000008f400000, 0x000000008f400000, 0x000000008f500000|  0%| F|  |TAMS 0x000000008f400000, 0x000000008f400000| Untracked 
| 245|0x000000008f500000, 0x000000008f500000, 0x000000008f600000|  0%| F|  |TAMS 0x000000008f500000, 0x000000008f500000| Untracked 
| 246|0x000000008f600000, 0x000000008f600000, 0x000000008f700000|  0%| F|  |TAMS 0x000000008f600000, 0x000000008f600000| Untracked 
| 247|0x000000008f700000, 0x000000008f700000, 0x000000008f800000|  0%| F|  |TAMS 0x000000008f700000, 0x000000008f700000| Untracked 
| 248|0x000000008f800000, 0x000000008f800000, 0x000000008f900000|  0%| F|  |TAMS 0x000000008f800000, 0x000000008f800000| Untracked 
|2047|0x00000000fff00000, 0x0000000100000000, 0x0000000100000000|100%| O|  |TAMS 0x0000000100000000, 0x0000000100000000| Untracked 

Card table byte_map: [0x000001ea7f230000,0x000001ea7f630000] _byte_map_base: 0x000001ea7ee30000

Marking Bits (Prev, Next): (CMBitMap*) 0x000001ea7b686a50, (CMBitMap*) 0x000001ea7b686a90
 Prev Bits: [0x000001ea0f000000, 0x000001ea11000000)
 Next Bits: [0x000001ea11000000, 0x000001ea13000000)

Polling page: 0x000001ea7adf0000

Metaspace:

Usage:
  Non-class:    116.51 MB used.
      Class:     17.84 MB used.
       Both:    134.35 MB used.

Virtual space:
  Non-class space:      120.00 MB reserved,     116.94 MB ( 97%) committed,  15 nodes.
      Class space:        1.00 GB reserved,      18.25 MB (  2%) committed,  1 nodes.
             Both:        1.12 GB reserved,     135.19 MB ( 12%) committed. 

Chunk freelists:
   Non-Class:  2.56 MB
       Class:  1.67 MB
        Both:  4.24 MB

MaxMetaspaceSize: unlimited
CompressedClassSpaceSize: 1.00 GB
Initial GC threshold: 21.00 MB
Current GC threshold: 224.62 MB
CDS: off
MetaspaceReclaimPolicy: balanced
 - commit_granule_bytes: 65536.
 - commit_granule_words: 8192.
 - virtual_space_node_default_size: 1048576.
 - enlarge_chunks_in_place: 1.
 - new_chunks_are_fully_committed: 0.
 - uncommit_free_chunks: 1.
 - use_allocation_guard: 0.
 - handle_deallocations: 1.


Internal statistics:

num_allocs_failed_limit: 6.
num_arena_births: 1752.
num_arena_deaths: 320.
num_vsnodes_births: 16.
num_vsnodes_deaths: 0.
num_space_committed: 2163.
num_space_uncommitted: 0.
num_chunks_returned_to_freelist: 395.
num_chunks_taken_from_freelist: 7131.
num_chunk_merges: 156.
num_chunk_splits: 4663.
num_chunks_enlarged: 3123.
num_purges: 6.
num_inconsistent_stats: 0.

CodeHeap 'non-profiled nmethods': size=120000Kb used=11024Kb max_used=11024Kb free=108975Kb
 bounds [0x000001ea07ad0000, 0x000001ea085a0000, 0x000001ea0f000000]
CodeHeap 'profiled nmethods': size=120000Kb used=35179Kb max_used=35179Kb free=84820Kb
 bounds [0x000001ea00000000, 0x000001ea02260000, 0x000001ea07530000]
CodeHeap 'non-nmethods': size=5760Kb used=2470Kb max_used=2516Kb free=3289Kb
 bounds [0x000001ea07530000, 0x000001ea077b0000, 0x000001ea07ad0000]
 total_blobs=19430 nmethods=18429 adapters=912
 compilation: enabled
              stopped_count=0, restarted_count=0
 full_count=0

Compilation events (20 events):
Event: 3296.222 Thread 0x000001ea16050be0 nmethod 21763 0x000001ea0858ca90 code [0x000001ea0858cc20, 0x000001ea0858ccd8]
Event: 3296.222 Thread 0x000001ea16050be0 21769       1       com.google.common.collect.SingletonImmutableSet::size (2 bytes)
Event: 3296.222 Thread 0x000001ea16050be0 nmethod 21769 0x000001ea0858cd90 code [0x000001ea0858cf20, 0x000001ea0858cff8]
Event: 3296.223 Thread 0x000001ea16050be0 21770       3       org.gradle.api.internal.artifacts.transform.ConsumerProvidedVariantFinder$$Lambda$329/0x000000010049d630::apply (16 bytes)
Event: 3296.224 Thread 0x000001ea16050be0 nmethod 21770 0x000001ea02258d10 code [0x000001ea02258ec0, 0x000001ea02259208]
Event: 3296.226 Thread 0x000001ea1604e990 nmethod 21718 0x000001ea0858d090 code [0x000001ea0858d3c0, 0x000001ea085903e8]
Event: 3296.226 Thread 0x000001ea1604e990 21768   !   4       java.io.ObjectOutputStream::writeObject0 (620 bytes)
Event: 3296.234 Thread 0x000001ea16050be0 21774       3       com.google.common.collect.Iterators::addAll (41 bytes)
Event: 3296.235 Thread 0x000001ea16050be0 nmethod 21774 0x000001ea02259310 code [0x000001ea02259520, 0x000001ea02259bc8]
Event: 3296.235 Thread 0x000001ea16050be0 21773       3       com.google.common.collect.Maps$FilteredEntryMap$EntrySet::delegate (5 bytes)
Event: 3296.235 Thread 0x000001ea16050be0 nmethod 21773 0x000001ea02259e10 code [0x000001ea02259fa0, 0x000001ea0225a118]
Event: 3296.236 Thread 0x000001ea16050be0 21775       1       org.gradle.internal.execution.history.changes.FilePathWithType::getAbsolutePath (5 bytes)
Event: 3296.236 Thread 0x000001ea16050be0 nmethod 21775 0x000001ea08591890 code [0x000001ea08591a20, 0x000001ea08591af8]
Event: 3296.239 Thread 0x000001ea16050be0 21776       3       java.util.zip.ZipFile$Source$Key::equals (93 bytes)
Event: 3296.239 Thread 0x000001ea1b870420 nmethod 21729 0x000001ea08591b90 code [0x000001ea08591da0, 0x000001ea085939f8]
Event: 3296.239 Thread 0x000001ea1b870420 21740       4       com.google.common.collect.ObjectArrays::checkElementsNotNull (23 bytes)
Event: 3296.240 Thread 0x000001ea16050be0 nmethod 21776 0x000001ea0225a210 code [0x000001ea0225a4c0, 0x000001ea0225b3a8]
Event: 3296.240 Thread 0x000001ea16050be0 21777       3       java.nio.file.attribute.FileTime::equals (28 bytes)
Event: 3296.240 Thread 0x000001ea16050be0 nmethod 21777 0x000001ea0225b790 code [0x000001ea0225b940, 0x000001ea0225bd08]
Event: 3296.240 Thread 0x000001ea16050be0 21778       3       java.nio.file.attribute.FileTime::compareTo (154 bytes)

GC Heap History (20 events):
Event: 2884.860 GC heap after
{Heap after GC invocations=45 (full 0):
 garbage-first heap   total 244736K, used 124829K [0x0000000080000000, 0x0000000100000000)
  region size 1024K, 7 young (7168K), 7 survivors (7168K)
 Metaspace       used 133549K, committed 134336K, reserved 1171456K
  class space    used 17948K, committed 18304K, reserved 1048576K
}
Event: 2885.882 GC heap before
{Heap before GC invocations=46 (full 0):
 garbage-first heap   total 244736K, used 203677K [0x0000000080000000, 0x0000000100000000)
  region size 1024K, 83 young (84992K), 7 survivors (7168K)
 Metaspace       used 134334K, committed 135104K, reserved 1171456K
  class space    used 17974K, committed 18304K, reserved 1048576K
}
Event: 2885.889 GC heap after
{Heap after GC invocations=47 (full 0):
 garbage-first heap   total 244736K, used 128830K [0x0000000080000000, 0x0000000100000000)
  region size 1024K, 7 young (7168K), 7 survivors (7168K)
 Metaspace       used 134334K, committed 135104K, reserved 1171456K
  class space    used 17974K, committed 18304K, reserved 1048576K
}
Event: 2885.900 GC heap before
{Heap before GC invocations=47 (full 0):
 garbage-first heap   total 244736K, used 132926K [0x0000000080000000, 0x0000000100000000)
  region size 1024K, 11 young (11264K), 7 survivors (7168K)
 Metaspace       used 134378K, committed 135104K, reserved 1171456K
  class space    used 17980K, committed 18304K, reserved 1048576K
}
Event: 2885.928 GC heap after
{Heap after GC invocations=48 (full 0):
 garbage-first heap   total 244736K, used 117722K [0x0000000080000000, 0x0000000100000000)
  region size 1024K, 2 young (2048K), 2 survivors (2048K)
 Metaspace       used 134378K, committed 135104K, reserved 1171456K
  class space    used 17980K, committed 18304K, reserved 1048576K
}
Event: 2887.141 GC heap before
{Heap before GC invocations=48 (full 0):
 garbage-first heap   total 244736K, used 179162K [0x0000000080000000, 0x0000000100000000)
  region size 1024K, 64 young (65536K), 2 survivors (2048K)
 Metaspace       used 136213K, committed 137024K, reserved 1171456K
  class space    used 18192K, committed 18560K, reserved 1048576K
}
Event: 2887.143 GC heap after
{Heap after GC invocations=49 (full 0):
 garbage-first heap   total 244736K, used 118075K [0x0000000080000000, 0x0000000100000000)
  region size 1024K, 2 young (2048K), 2 survivors (2048K)
 Metaspace       used 136213K, committed 137024K, reserved 1171456K
  class space    used 18192K, committed 18560K, reserved 1048576K
}
Event: 2929.373 GC heap before
{Heap before GC invocations=50 (full 0):
 garbage-first heap   total 244736K, used 229691K [0x0000000080000000, 0x0000000100000000)
  region size 1024K, 88 young (90112K), 2 survivors (2048K)
 Metaspace       used 136700K, committed 137472K, reserved 1171456K
  class space    used 18226K, committed 18560K, reserved 1048576K
}
Event: 2929.388 GC heap after
{Heap after GC invocations=51 (full 0):
 garbage-first heap   total 245760K, used 133295K [0x0000000080000000, 0x0000000100000000)
  region size 1024K, 11 young (11264K), 11 survivors (11264K)
 Metaspace       used 136700K, committed 137472K, reserved 1171456K
  class space    used 18226K, committed 18560K, reserved 1048576K
}
Event: 2929.414 GC heap before
{Heap before GC invocations=51 (full 0):
 garbage-first heap   total 245760K, used 134319K [0x0000000080000000, 0x0000000100000000)
  region size 1024K, 12 young (12288K), 11 survivors (11264K)
 Metaspace       used 136700K, committed 137472K, reserved 1171456K
  class space    used 18226K, committed 18560K, reserved 1048576K
}
Event: 2929.425 GC heap after
{Heap after GC invocations=52 (full 0):
 garbage-first heap   total 245760K, used 132810K [0x0000000080000000, 0x0000000100000000)
  region size 1024K, 1 young (1024K), 1 survivors (1024K)
 Metaspace       used 136700K, committed 137472K, reserved 1171456K
  class space    used 18226K, committed 18560K, reserved 1048576K
}
Event: 2930.282 GC heap before
{Heap before GC invocations=52 (full 0):
 garbage-first heap   total 245760K, used 200394K [0x0000000080000000, 0x0000000100000000)
  region size 1024K, 68 young (69632K), 1 survivors (1024K)
 Metaspace       used 137044K, committed 137856K, reserved 1171456K
  class space    used 18239K, committed 18624K, reserved 1048576K
}
Event: 2930.290 GC heap after
{Heap after GC invocations=53 (full 0):
 garbage-first heap   total 245760K, used 140921K [0x0000000080000000, 0x0000000100000000)
  region size 1024K, 9 young (9216K), 9 survivors (9216K)
 Metaspace       used 137044K, committed 137856K, reserved 1171456K
  class space    used 18239K, committed 18624K, reserved 1048576K
}
Event: 3295.656 GC heap before
{Heap before GC invocations=54 (full 0):
 garbage-first heap   total 256000K, used 218745K [0x0000000080000000, 0x0000000100000000)
  region size 1024K, 66 young (67584K), 9 survivors (9216K)
 Metaspace       used 137351K, committed 138176K, reserved 1171456K
  class space    used 18246K, committed 18624K, reserved 1048576K
}
Event: 3295.699 GC heap after
{Heap after GC invocations=55 (full 0):
 garbage-first heap   total 256000K, used 142798K [0x0000000080000000, 0x0000000100000000)
  region size 1024K, 4 young (4096K), 4 survivors (4096K)
 Metaspace       used 137351K, committed 138176K, reserved 1171456K
  class space    used 18246K, committed 18624K, reserved 1048576K
}
Event: 3295.829 GC heap before
{Heap before GC invocations=55 (full 0):
 garbage-first heap   total 256000K, used 150990K [0x0000000080000000, 0x0000000100000000)
  region size 1024K, 12 young (12288K), 4 survivors (4096K)
 Metaspace       used 137478K, committed 138304K, reserved 1171456K
  class space    used 18262K, committed 18624K, reserved 1048576K
}
Event: 3295.872 GC heap after
{Heap after GC invocations=56 (full 0):
 garbage-first heap   total 256000K, used 129701K [0x0000000080000000, 0x0000000100000000)
  region size 1024K, 2 young (2048K), 2 survivors (2048K)
 Metaspace       used 137478K, committed 138304K, reserved 1171456K
  class space    used 18262K, committed 18624K, reserved 1048576K
}
Event: 3296.160 GC heap before
{Heap before GC invocations=56 (full 0):
 garbage-first heap   total 256000K, used 139941K [0x0000000080000000, 0x0000000100000000)
  region size 1024K, 12 young (12288K), 2 survivors (2048K)
 Metaspace       used 137543K, committed 138432K, reserved 1171456K
  class space    used 18268K, committed 18688K, reserved 1048576K
}
Event: 3296.175 GC heap after
{Heap after GC invocations=57 (full 0):
 garbage-first heap   total 256000K, used 131354K [0x0000000080000000, 0x0000000100000000)
  region size 1024K, 2 young (2048K), 2 survivors (2048K)
 Metaspace       used 137543K, committed 138432K, reserved 1171456K
  class space    used 18268K, committed 18688K, reserved 1048576K
}
Event: 3296.241 GC heap before
{Heap before GC invocations=57 (full 0):
 garbage-first heap   total 256000K, used 139546K [0x0000000080000000, 0x0000000100000000)
  region size 1024K, 11 young (11264K), 2 survivors (2048K)
 Metaspace       used 137576K, committed 138432K, reserved 1171456K
  class space    used 18271K, committed 18688K, reserved 1048576K
}

Dll operation events (2 events):
Event: 0.007 Loaded shared library C:\Program Files\Android\Android Studio1\jbr\bin\java.dll
Event: 0.335 Loaded shared library C:\Program Files\Android\Android Studio1\jbr\bin\verify.dll

Deoptimization events (20 events):
Event: 3295.626 Thread 0x000001ea203c3e90 DEOPT PACKING pc=0x000001ea00ccaeac sp=0x0000001e628f9260
Event: 3295.627 Thread 0x000001ea203c3e90 DEOPT UNPACKING pc=0x000001ea0758ace3 sp=0x0000001e628f8780 mode 0
Event: 3295.725 Thread 0x000001ea203c3e90 DEOPT PACKING pc=0x000001ea008630d5 sp=0x0000001e628f8930
Event: 3295.725 Thread 0x000001ea203c3e90 DEOPT UNPACKING pc=0x000001ea0758ace3 sp=0x0000001e628f7e48 mode 0
Event: 3295.792 Thread 0x000001ea203c3e90 DEOPT PACKING pc=0x000001ea0194ed2e sp=0x0000001e628f91f0
Event: 3295.792 Thread 0x000001ea203c3e90 DEOPT UNPACKING pc=0x000001ea0758ace3 sp=0x0000001e628f86b0 mode 0
Event: 3295.793 Thread 0x000001ea203c3e90 DEOPT PACKING pc=0x000001ea00a44188 sp=0x0000001e628f9240
Event: 3295.793 Thread 0x000001ea203c3e90 DEOPT UNPACKING pc=0x000001ea0758ace3 sp=0x0000001e628f8710 mode 0
Event: 3295.793 Thread 0x000001ea203c3e90 DEOPT PACKING pc=0x000001ea0194ed2e sp=0x0000001e628f9160
Event: 3295.793 Thread 0x000001ea203c3e90 DEOPT UNPACKING pc=0x000001ea0758ace3 sp=0x0000001e628f8620 mode 0
Event: 3295.793 Thread 0x000001ea203c3e90 DEOPT PACKING pc=0x000001ea00a44188 sp=0x0000001e628f9240
Event: 3295.793 Thread 0x000001ea203c3e90 DEOPT UNPACKING pc=0x000001ea0758ace3 sp=0x0000001e628f8710 mode 0
Event: 3296.185 Thread 0x000001ea16f24fb0 DEOPT PACKING pc=0x000001ea01048e65 sp=0x0000001e6aafaea0
Event: 3296.185 Thread 0x000001ea16f24fb0 DEOPT UNPACKING pc=0x000001ea0758ace3 sp=0x0000001e6aafa330 mode 0
Event: 3296.185 Thread 0x000001ea16f24fb0 DEOPT PACKING pc=0x000001ea01048e65 sp=0x0000001e6aafb7a0
Event: 3296.185 Thread 0x000001ea16f24fb0 DEOPT UNPACKING pc=0x000001ea0758ace3 sp=0x0000001e6aafac30 mode 0
Event: 3296.186 Thread 0x000001ea16f24fb0 DEOPT PACKING pc=0x000001ea01048e65 sp=0x0000001e6aafb9a0
Event: 3296.187 Thread 0x000001ea16f24fb0 DEOPT UNPACKING pc=0x000001ea0758ace3 sp=0x0000001e6aafae30 mode 0
Event: 3296.191 Thread 0x000001ea16f24fb0 DEOPT PACKING pc=0x000001ea00942a95 sp=0x0000001e6aafb700
Event: 3296.191 Thread 0x000001ea16f24fb0 DEOPT UNPACKING pc=0x000001ea0758ace3 sp=0x0000001e6aafaab8 mode 0

Classes unloaded (20 events):
Event: 2880.801 Thread 0x000001ea1550be30 Unloading class 0x00000001001bdc00 'java/lang/invoke/LambdaForm$DMH+0x00000001001bdc00'
Event: 2880.801 Thread 0x000001ea1550be30 Unloading class 0x00000001001bd800 'java/lang/invoke/LambdaForm$MH+0x00000001001bd800'
Event: 2880.801 Thread 0x000001ea1550be30 Unloading class 0x00000001001bd400 'java/lang/invoke/LambdaForm$MH+0x00000001001bd400'
Event: 2880.801 Thread 0x000001ea1550be30 Unloading class 0x00000001001bd000 'java/lang/invoke/LambdaForm$MH+0x00000001001bd000'
Event: 2880.801 Thread 0x000001ea1550be30 Unloading class 0x00000001001bcc00 'java/lang/invoke/LambdaForm$MH+0x00000001001bcc00'
Event: 2880.801 Thread 0x000001ea1550be30 Unloading class 0x00000001001bc800 'java/lang/invoke/LambdaForm$MH+0x00000001001bc800'
Event: 2880.801 Thread 0x000001ea1550be30 Unloading class 0x00000001001bc400 'java/lang/invoke/LambdaForm$MH+0x00000001001bc400'
Event: 2880.801 Thread 0x000001ea1550be30 Unloading class 0x00000001001bc000 'java/lang/invoke/LambdaForm$MH+0x00000001001bc000'
Event: 2880.801 Thread 0x000001ea1550be30 Unloading class 0x0000000100192800 'java/lang/invoke/LambdaForm$MH+0x0000000100192800'
Event: 2880.801 Thread 0x000001ea1550be30 Unloading class 0x0000000100192000 'java/lang/invoke/LambdaForm$MH+0x0000000100192000'
Event: 2880.802 Thread 0x000001ea1550be30 Unloading class 0x0000000100191c00 'java/lang/invoke/LambdaForm$MH+0x0000000100191c00'
Event: 2880.802 Thread 0x000001ea1550be30 Unloading class 0x0000000100191800 'java/lang/invoke/LambdaForm$MH+0x0000000100191800'
Event: 2880.802 Thread 0x000001ea1550be30 Unloading class 0x0000000100191400 'java/lang/invoke/LambdaForm$MH+0x0000000100191400'
Event: 2880.802 Thread 0x000001ea1550be30 Unloading class 0x0000000100190c00 'java/lang/invoke/LambdaForm$MH+0x0000000100190c00'
Event: 2880.802 Thread 0x000001ea1550be30 Unloading class 0x00000001000a6c00 'java/lang/invoke/LambdaForm$MH+0x00000001000a6c00'
Event: 2880.802 Thread 0x000001ea1550be30 Unloading class 0x00000001000a6800 'java/lang/invoke/LambdaForm$MH+0x00000001000a6800'
Event: 2880.802 Thread 0x000001ea1550be30 Unloading class 0x00000001000a4400 'java/lang/invoke/LambdaForm$MH+0x00000001000a4400'
Event: 2930.388 Thread 0x000001ea1550be30 Unloading class 0x00000001011fac00 'jdk/internal/reflect/GeneratedSerializationConstructorAccessor145'
Event: 2930.388 Thread 0x000001ea1550be30 Unloading class 0x00000001011fa400 'jdk/internal/reflect/GeneratedSerializationConstructorAccessor144'
Event: 2930.388 Thread 0x000001ea1550be30 Unloading class 0x00000001011fa800 'jdk/internal/reflect/GeneratedSerializationConstructorAccessor143'

Classes redefined (0 events):
No events

Internal exceptions (20 events):
Event: 2930.299 Thread 0x000001ea168bc640 Exception <a 'sun/nio/fs/WindowsException'{0x000000008ec23b88}> (0x000000008ec23b88) 
thrown [s\src\hotspot\share\prims\jni.cpp, line 517]
Event: 2930.306 Thread 0x000001ea168bc640 Exception <a 'sun/nio/fs/WindowsException'{0x000000008ea73e60}> (0x000000008ea73e60) 
thrown [s\src\hotspot\share\prims\jni.cpp, line 517]
Event: 2930.315 Thread 0x000001ea18e9ea00 Exception <a 'sun/nio/fs/WindowsException'{0x000000008ea86cd8}> (0x000000008ea86cd8) 
thrown [s\src\hotspot\share\prims\jni.cpp, line 517]
Event: 2930.315 Thread 0x000001ea18e9ea00 Exception <a 'sun/nio/fs/WindowsException'{0x000000008ea87108}> (0x000000008ea87108) 
thrown [s\src\hotspot\share\prims\jni.cpp, line 517]
Event: 2930.330 Thread 0x000001ea203c3e90 Exception <a 'sun/nio/fs/WindowsException'{0x000000008e95d258}> (0x000000008e95d258) 
thrown [s\src\hotspot\share\prims\jni.cpp, line 517]
Event: 2930.415 Thread 0x000001ea203c3e90 Exception <a 'sun/nio/fs/WindowsException'{0x000000008e2ffc40}> (0x000000008e2ffc40) 
thrown [s\src\hotspot\share\prims\jni.cpp, line 517]
Event: 2930.661 Thread 0x000001ea20258ee0 Implicit null exception at 0x000001ea080fb754 to 0x000001ea080fbb6e
Event: 2930.663 Thread 0x000001ea20258ee0 Exception <a 'sun/nio/fs/WindowsException'{0x000000008f0cc788}> (0x000000008f0cc788) 
thrown [s\src\hotspot\share\prims\jni.cpp, line 517]
Event: 2930.663 Thread 0x000001ea20258ee0 Exception <a 'sun/nio/fs/WindowsException'{0x000000008f0ccba8}> (0x000000008f0ccba8) 
thrown [s\src\hotspot\share\prims\jni.cpp, line 517]
Event: 2930.663 Thread 0x000001ea20258ee0 Exception <a 'sun/nio/fs/WindowsException'{0x000000008f0cea68}> (0x000000008f0cea68) 
thrown [s\src\hotspot\share\prims\jni.cpp, line 517]
Event: 2930.685 Thread 0x000001ea1c79dfc0 Exception <a 'sun/nio/fs/WindowsException'{0x000000008ef030e0}> (0x000000008ef030e0) 
thrown [s\src\hotspot\share\prims\jni.cpp, line 517]
Event: 3295.562 Thread 0x000001ea203c3e90 Exception <a 'sun/nio/fs/WindowsException'{0x000000008c13ee30}> (0x000000008c13ee30) 
thrown [s\src\hotspot\share\prims\jni.cpp, line 517]
Event: 3295.721 Thread 0x000001ea203c3e90 Exception <a 'java/lang/NoClassDefFoundError'{0x000000008f79b180}: org/jetbrains/kotlin/gradle/plugin/KotlinBasePluginWrapper> (0x000000008f79b180) 
thrown [s\src\hotspot\share\oops\constantPool.cpp, line 835]
Event: 3295.768 Thread 0x000001ea203c3e90 Exception <a 'sun/nio/fs/WindowsException'{0x000000008f34c610}> (0x000000008f34c610) 
thrown [s\src\hotspot\share\prims\jni.cpp, line 517]
Event: 3295.790 Thread 0x000001ea203c3e90 Exception <a 'sun/nio/fs/WindowsException'{0x000000008f3ed0b0}> (0x000000008f3ed0b0) 
thrown [s\src\hotspot\share\prims\jni.cpp, line 517]
Event: 3295.790 Thread 0x000001ea203c3e90 Exception <a 'sun/nio/fs/WindowsException'{0x000000008f3ee6b0}> (0x000000008f3ee6b0) 
thrown [s\src\hotspot\share\prims\jni.cpp, line 517]
Event: 3295.790 Thread 0x000001ea203c3e90 Exception <a 'sun/nio/fs/WindowsException'{0x000000008f3efa78}> (0x000000008f3efa78) 
thrown [s\src\hotspot\share\prims\jni.cpp, line 517]
Event: 3295.790 Thread 0x000001ea203c3e90 Exception <a 'sun/nio/fs/WindowsException'{0x000000008f3f0e40}> (0x000000008f3f0e40) 
thrown [s\src\hotspot\share\prims\jni.cpp, line 517]
Event: 3295.918 Thread 0x000001ea203c3e90 Exception <a 'sun/nio/fs/WindowsException'{0x000000008f774b08}> (0x000000008f774b08) 
thrown [s\src\hotspot\share\prims\jni.cpp, line 517]
Event: 3295.946 Thread 0x000001ea16f24fb0 Exception <a 'sun/nio/fs/WindowsException'{0x000000008f689398}> (0x000000008f689398) 
thrown [s\src\hotspot\share\prims\jni.cpp, line 517]

VM Operations (20 events):
Event: 2961.722 Executing VM operation: Cleanup done
Event: 3071.679 Executing VM operation: Cleanup
Event: 3071.679 Executing VM operation: Cleanup done
Event: 3123.134 Executing VM operation: Cleanup
Event: 3123.135 Executing VM operation: Cleanup done
Event: 3141.294 Executing VM operation: Cleanup
Event: 3141.294 Executing VM operation: Cleanup done
Event: 3183.702 Executing VM operation: Cleanup
Event: 3183.702 Executing VM operation: Cleanup done
Event: 3261.467 Executing VM operation: Cleanup
Event: 3261.467 Executing VM operation: Cleanup done
Event: 3295.656 Executing VM operation: G1CollectForAllocation
Event: 3295.699 Executing VM operation: G1CollectForAllocation done
Event: 3295.824 Executing VM operation: HandshakeAllThreads
Event: 3295.825 Executing VM operation: HandshakeAllThreads done
Event: 3295.828 Executing VM operation: G1CollectForAllocation
Event: 3295.872 Executing VM operation: G1CollectForAllocation done
Event: 3296.160 Executing VM operation: G1CollectForAllocation
Event: 3296.175 Executing VM operation: G1CollectForAllocation done
Event: 3296.240 Executing VM operation: G1TryInitiateConcMark

Events (20 events):
Event: 3295.927 Thread 0x000001ea16f25950 Thread added: 0x000001ea16f25950
Event: 3295.927 Thread 0x000001ea16f24140 Thread added: 0x000001ea16f24140
Event: 3295.930 Thread 0x000001ea1bbfb9d0 Thread added: 0x000001ea1bbfb9d0
Event: 3295.959 Thread 0x000001ea160515d0 flushing nmethod 0x000001ea08400210
Event: 3295.972 Thread 0x000001ea160515d0 flushing nmethod 0x000001ea0019be10
Event: 3295.977 Thread 0x000001ea160515d0 flushing nmethod 0x000001ea002b8010
Event: 3295.981 Thread 0x000001ea160515d0 flushing nmethod 0x000001ea00382f10
Event: 3295.985 Thread 0x000001ea160515d0 flushing nmethod 0x000001ea004d9790
Event: 3295.988 Thread 0x000001ea160515d0 flushing nmethod 0x000001ea005f6410
Event: 3295.988 Thread 0x000001ea160515d0 flushing nmethod 0x000001ea005f8e90
Event: 3295.990 Thread 0x000001ea160515d0 flushing nmethod 0x000001ea00641d10
Event: 3295.990 Thread 0x000001ea160515d0 flushing nmethod 0x000001ea00642590
Event: 3295.994 Thread 0x000001ea160515d0 flushing nmethod 0x000001ea0076e210
Event: 3295.996 Thread 0x000001ea160515d0 flushing nmethod 0x000001ea00867a90
Event: 3295.998 Thread 0x000001ea160515d0 flushing nmethod 0x000001ea00920890
Event: 3296.010 Thread 0x000001ea160515d0 flushing nmethod 0x000001ea010a9110
Event: 3296.010 Thread 0x000001ea160515d0 flushing nmethod 0x000001ea010ae290
Event: 3296.010 Thread 0x000001ea160515d0 flushing nmethod 0x000001ea010d7790
Event: 3296.011 Thread 0x000001ea160515d0 flushing nmethod 0x000001ea010e3590
Event: 3296.027 Thread 0x000001ea160515d0 flushing nmethod 0x000001ea01bd5c90


Dynamic libraries:
0x00007ff73cdd0000 - 0x00007ff73cdda000 	C:\Program Files\Android\Android Studio1\jbr\bin\java.exe
0x00007ffd051b0000 - 0x00007ffd053c7000 	C:\WINDOWS\SYSTEM32\ntdll.dll
0x00007ffd03050000 - 0x00007ffd03114000 	C:\WINDOWS\System32\KERNEL32.DLL
0x00007ffd029a0000 - 0x00007ffd02d47000 	C:\WINDOWS\System32\KERNELBASE.dll
0x00007ffd02760000 - 0x00007ffd02871000 	C:\WINDOWS\System32\ucrtbase.dll
0x00007ffcf9020000 - 0x00007ffcf9037000 	C:\Program Files\Android\Android Studio1\jbr\bin\jli.dll
0x00007ffd04b80000 - 0x00007ffd04d2e000 	C:\WINDOWS\System32\USER32.dll
0x00007ffd028f0000 - 0x00007ffd02916000 	C:\WINDOWS\System32\win32u.dll
0x00007ffcedfe0000 - 0x00007ffcedffb000 	C:\Program Files\Android\Android Studio1\jbr\bin\VCRUNTIME140.dll
0x00007ffd03330000 - 0x00007ffd03359000 	C:\WINDOWS\System32\GDI32.dll
0x00007ffd02d50000 - 0x00007ffd02e69000 	C:\WINDOWS\System32\gdi32full.dll
0x00007ffcee560000 - 0x00007ffcee7f3000 	C:\WINDOWS\WinSxS\amd64_microsoft.windows.common-controls_6595b64144ccf1df_6.0.22621.2506_none_270c5ae97388e100\COMCTL32.dll
0x00007ffd02e70000 - 0x00007ffd02f0a000 	C:\WINDOWS\System32\msvcp_win.dll
0x00007ffd03e00000 - 0x00007ffd03ea7000 	C:\WINDOWS\System32\msvcrt.dll
0x00007ffd03360000 - 0x00007ffd03391000 	C:\WINDOWS\System32\IMM32.DLL
0x00007ffceace0000 - 0x00007ffceacec000 	C:\Program Files\Android\Android Studio1\jbr\bin\vcruntime140_1.dll
0x00007ffcb43a0000 - 0x00007ffcb442d000 	C:\Program Files\Android\Android Studio1\jbr\bin\msvcp140.dll
0x00007ffc79a40000 - 0x00007ffc7a6ad000 	C:\Program Files\Android\Android Studio1\jbr\bin\server\jvm.dll
0x00007ffd050c0000 - 0x00007ffd05170000 	C:\WINDOWS\System32\ADVAPI32.dll
0x00007ffd04040000 - 0x00007ffd040e6000 	C:\WINDOWS\System32\sechost.dll
0x00007ffd02f10000 - 0x00007ffd03027000 	C:\WINDOWS\System32\RPCRT4.dll
0x00007ffcdc920000 - 0x00007ffcdc929000 	C:\WINDOWS\SYSTEM32\WSOCK32.dll
0x00007ffcf7ed0000 - 0x00007ffcf7f04000 	C:\WINDOWS\SYSTEM32\WINMM.dll
0x00007ffcf6de0000 - 0x00007ffcf6dea000 	C:\WINDOWS\SYSTEM32\VERSION.dll
0x00007ffd03260000 - 0x00007ffd032d1000 	C:\WINDOWS\System32\WS2_32.dll
0x00007ffd015a0000 - 0x00007ffd015b8000 	C:\WINDOWS\SYSTEM32\kernel.appcore.dll
0x00007ffcfc470000 - 0x00007ffcfc47a000 	C:\Program Files\Android\Android Studio1\jbr\bin\jimage.dll
0x00007ffcff850000 - 0x00007ffcffa83000 	C:\WINDOWS\SYSTEM32\DBGHELP.DLL
0x00007ffd04d30000 - 0x00007ffd050b9000 	C:\WINDOWS\System32\combase.dll
0x00007ffd03bb0000 - 0x00007ffd03c87000 	C:\WINDOWS\System32\OLEAUT32.dll
0x00007ffcee030000 - 0x00007ffcee062000 	C:\WINDOWS\SYSTEM32\dbgcore.DLL
0x00007ffd02920000 - 0x00007ffd0299a000 	C:\WINDOWS\System32\bcryptPrimitives.dll
0x00007ffcec3c0000 - 0x00007ffcec3e5000 	C:\Program Files\Android\Android Studio1\jbr\bin\java.dll
0x00007ffcfc450000 - 0x00007ffcfc468000 	C:\Program Files\Android\Android Studio1\jbr\bin\zip.dll
0x00007ffd04290000 - 0x00007ffd04ae9000 	C:\WINDOWS\System32\SHELL32.dll
0x00007ffd00450000 - 0x00007ffd00d44000 	C:\WINDOWS\SYSTEM32\windows.storage.dll
0x00007ffd00310000 - 0x00007ffd0044e000 	C:\WINDOWS\SYSTEM32\wintypes.dll
0x00007ffd03880000 - 0x00007ffd03973000 	C:\WINDOWS\System32\SHCORE.dll
0x00007ffd033a0000 - 0x00007ffd033fe000 	C:\WINDOWS\System32\shlwapi.dll
0x00007ffd02460000 - 0x00007ffd02486000 	C:\WINDOWS\SYSTEM32\profapi.dll
0x00007ffcf5fc0000 - 0x00007ffcf5fd9000 	C:\Program Files\Android\Android Studio1\jbr\bin\net.dll
0x00007ffcfc310000 - 0x00007ffcfc447000 	C:\WINDOWS\SYSTEM32\WINHTTP.dll
0x00007ffd01aa0000 - 0x00007ffd01b09000 	C:\WINDOWS\system32\mswsock.dll
0x00007ffcec3a0000 - 0x00007ffcec3b6000 	C:\Program Files\Android\Android Studio1\jbr\bin\nio.dll
0x00007ffceac80000 - 0x00007ffceac90000 	C:\Program Files\Android\Android Studio1\jbr\bin\verify.dll
0x00007ffcf9040000 - 0x00007ffcf9067000 	C:\Users\ASUS\.gradle\native\68d5fa5c4cc2d200863cafc0d521ce42e7d3e7ee720ec0a83991735586a16f82\windows-amd64\native-platform.dll
0x00007ffcb3cb0000 - 0x00007ffcb3df4000 	C:\Users\ASUS\.gradle\native\e376f236ea51e6404a007f0833ffe2c6e607c4080706a723a18a27aeea778392\windows-amd64\native-platform-file-events.dll
0x00007ffcf7f80000 - 0x00007ffcf7f89000 	C:\Program Files\Android\Android Studio1\jbr\bin\management.dll
0x00007ffcead20000 - 0x00007ffcead2b000 	C:\Program Files\Android\Android Studio1\jbr\bin\management_ext.dll
0x00007ffd03df0000 - 0x00007ffd03df8000 	C:\WINDOWS\System32\PSAPI.DLL
0x00007ffd01cf0000 - 0x00007ffd01d0b000 	C:\WINDOWS\SYSTEM32\CRYPTSP.dll
0x00007ffd01500000 - 0x00007ffd01535000 	C:\WINDOWS\system32\rsaenh.dll
0x00007ffd01b90000 - 0x00007ffd01bbc000 	C:\WINDOWS\SYSTEM32\USERENV.dll
0x00007ffd01ec0000 - 0x00007ffd01ee8000 	C:\WINDOWS\SYSTEM32\bcrypt.dll
0x00007ffd01d10000 - 0x00007ffd01d1c000 	C:\WINDOWS\SYSTEM32\CRYPTBASE.dll
0x00007ffd00fb0000 - 0x00007ffd00fdd000 	C:\WINDOWS\SYSTEM32\IPHLPAPI.DLL
0x00007ffd03ba0000 - 0x00007ffd03ba9000 	C:\WINDOWS\System32\NSI.dll
0x00007ffcf7d10000 - 0x00007ffcf7d29000 	C:\WINDOWS\SYSTEM32\dhcpcsvc6.DLL
0x00007ffcf6ed0000 - 0x00007ffcf6eef000 	C:\WINDOWS\SYSTEM32\dhcpcsvc.DLL
0x00007ffd01020000 - 0x00007ffd01119000 	C:\WINDOWS\SYSTEM32\DNSAPI.dll
0x00007ffcea3c0000 - 0x00007ffcea3c8000 	C:\WINDOWS\system32\wshunix.dll

dbghelp: loaded successfully - version: 4.0.5 - missing functions: none
symbol engine: initialized successfully - sym options: 0x614 - pdb path: .;C:\Program Files\Android\Android Studio1\jbr\bin;C:\WINDOWS\SYSTEM32;C:\WINDOWS\WinSxS\amd64_microsoft.windows.common-controls_6595b64144ccf1df_6.0.22621.2506_none_270c5ae97388e100;C:\Program Files\Android\Android Studio1\jbr\bin\server;C:\Users\ASUS\.gradle\native\68d5fa5c4cc2d200863cafc0d521ce42e7d3e7ee720ec0a83991735586a16f82\windows-amd64;C:\Users\ASUS\.gradle\native\e376f236ea51e6404a007f0833ffe2c6e607c4080706a723a18a27aeea778392\windows-amd64

VM Arguments:
jvm_args: --add-opens=java.base/java.util=ALL-UNNAMED --add-opens=java.base/java.lang=ALL-UNNAMED --add-opens=java.base/java.lang.invoke=ALL-UNNAMED --add-opens=java.prefs/java.util.prefs=ALL-UNNAMED --add-opens=java.base/java.nio.charset=ALL-UNNAMED --add-opens=java.base/java.net=ALL-UNNAMED --add-opens=java.base/java.util.concurrent.atomic=ALL-UNNAMED -Xmx2048m -Dfile.encoding=UTF-8 -Duser.country=US -Duser.language=en -Duser.variant 
java_command: org.gradle.launcher.daemon.bootstrap.GradleDaemon 8.0
java_class_path (initial): C:\Users\ASUS\.gradle\wrapper\dists\gradle-8.0-bin\ca5e32bp14vu59qr306oxotwh\gradle-8.0\lib\gradle-launcher-8.0.jar
Launcher Type: SUN_STANDARD

[Global flags]
     intx CICompilerCount                          = 4                                         {product} {ergonomic}
     uint ConcGCThreads                            = 2                                         {product} {ergonomic}
     uint G1ConcRefinementThreads                  = 8                                         {product} {ergonomic}
   size_t G1HeapRegionSize                         = 1048576                                   {product} {ergonomic}
    uintx GCDrainStackTargetSize                   = 64                                        {product} {ergonomic}
   size_t InitialHeapSize                          = 130023424                                 {product} {ergonomic}
   size_t MarkStackSize                            = 4194304                                   {product} {ergonomic}
   size_t MaxHeapSize                              = 2147483648                                {product} {command line}
   size_t MaxNewSize                               = 1287651328                                {product} {ergonomic}
   size_t MinHeapDeltaBytes                        = 1048576                                   {product} {ergonomic}
   size_t MinHeapSize                              = 8388608                                   {product} {ergonomic}
    uintx NonNMethodCodeHeapSize                   = 5839372                                {pd product} {ergonomic}
    uintx NonProfiledCodeHeapSize                  = 122909434                              {pd product} {ergonomic}
    uintx ProfiledCodeHeapSize                     = 122909434                              {pd product} {ergonomic}
    uintx ReservedCodeCacheSize                    = 251658240                              {pd product} {ergonomic}
     bool SegmentedCodeCache                       = true                                      {product} {ergonomic}
   size_t SoftMaxHeapSize                          = 2147483648                             {manageable} {ergonomic}
     bool UseCompressedClassPointers               = true                           {product lp64_product} {ergonomic}
     bool UseCompressedOops                        = true                           {product lp64_product} {ergonomic}
     bool UseG1GC                                  = true                                      {product} {ergonomic}
     bool UseLargePagesIndividualAllocation        = false                                  {pd product} {ergonomic}

Logging:
Log output configuration:
 #0: stdout all=warning uptime,level,tags
 #1: stderr all=off uptime,level,tags

Environment Variables:
JAVA_HOME=C:\Program Files\Java\jdk-17
PATH=C:\Program Files (x86)\Common Files\Oracle\Java\javapath;C:\Program Files\Common Files\Oracle\Java\javapath;C:\WINDOWS\system32;C:\WINDOWS;C:\WINDOWS\System32\Wbem;C:\WINDOWS\System32\WindowsPowerShell\v1.0\;C:\WINDOWS\System32\OpenSSH\;C:\Program Files\Microsoft SQL Server\130\Tools\Binn\;C:\Program Files\Microsoft SQL Server\Client SDK\ODBC\170\Tools\Binn\;C:\Program Files (x86)\Microsoft SQL Server\150\Tools\Binn\;C:\Program Files\Microsoft SQL Server\150\Tools\Binn\;C:\Program Files\Microsoft SQL Server\150\DTS\Binn\;C:\Program Files (x86)\Microsoft SQL Server\150\DTS\Binn\;C:\Program Files\Azure Data Studio\bin;C:\Users\ASUS\AppData\Local\Android\sdk\platform-tools;C:\Program Files\nodejs\;C:\Program Files\Git\cmd;C:\Program Files\Java\jdk-17\bin;C:\Program Files\Java\jdk1.8.0_202;C:\Program Files\Java\jre1.8.0_202;C:\Users\ASUS\AppData\Local\Microsoft\WindowsApps;C:\Program Files\Azure Data Studio\bin;C:\Users\ASUS\AppData\Local\Programs\Microsoft VS Code\bin;C:\Users\ASUS\AppData\Local\Android\sdk\platform-tools;C:\Users\ASUS\AppData\Roaming\npm;C:\flutter\bin;
USERNAME=ASUS
OS=Windows_NT
PROCESSOR_IDENTIFIER=Intel64 Family 6 Model 140 Stepping 1, GenuineIntel
TMP=C:\Users\ASUS\AppData\Local\Temp
TEMP=C:\Users\ASUS\AppData\Local\Temp



---------------  S Y S T E M  ---------------

OS:
 Windows 11 , 64 bit Build 22621 (10.0.22621.2506)
OS uptime: 6 days 4:21 hours

CPU: total 8 (initial active 8) (4 cores per cpu, 2 threads per core) family 6 model 140 stepping 1 microcode 0x9a, cx8, cmov, fxsr, ht, mmx, 3dnowpref, sse, sse2, sse3, ssse3, sse4.1, sse4.2, popcnt, lzcnt, tsc, tscinvbit, avx, avx2, aes, erms, clmul, bmi1, bmi2, adx, avx512f, avx512dq, avx512cd, avx512bw, avx512vl, sha, fma, vzeroupper, avx512_vpopcntdq, avx512_vpclmulqdq, avx512_vaes, avx512_vnni, clflush, clflushopt, clwb, avx512_vbmi2, avx512_vbmi

Memory: 4k page, system-wide physical 7888M (300M free)
TotalPageFile size 15888M (AvailPageFile size 319M)
current process WorkingSet (physical memory assigned to process): 346M, peak: 540M
current process commit charge ("private bytes"): 616M, peak: 1116M

vm_info: OpenJDK 64-Bit Server VM (17.0.6+0-b2043.56-9586694) for windows-amd64 JRE (17.0.6+0-b2043.56-9586694), built on Feb  9 2023 20:06:20 by "androidbuild" with MS VC++ 16.10 / 16.11 (VS2019)

END.
